ARM GAS  /var/folders/5c/srt4fy4j1pd641bjfx75k5000000gn/T//ccrBKuMr.s 			page 1


   1              		.cpu cortex-m4
   2              		.arch armv7e-m
   3              		.fpu fpv4-sp-d16
   4              		.eabi_attribute 27, 1
   5              		.eabi_attribute 28, 1
   6              		.eabi_attribute 20, 1
   7              		.eabi_attribute 21, 1
   8              		.eabi_attribute 23, 3
   9              		.eabi_attribute 24, 1
  10              		.eabi_attribute 25, 1
  11              		.eabi_attribute 26, 1
  12              		.eabi_attribute 30, 1
  13              		.eabi_attribute 34, 1
  14              		.eabi_attribute 18, 4
  15              		.file	"gpio.c"
  16              		.text
  17              	.Ltext0:
  18              		.cfi_sections	.debug_frame
  19              		.file 1 "Core/Src/gpio.c"
  20              		.section	.text.MX_GPIO_Init,"ax",%progbits
  21              		.align	1
  22              		.global	MX_GPIO_Init
  23              		.syntax unified
  24              		.thumb
  25              		.thumb_func
  27              	MX_GPIO_Init:
  28              	.LFB239:
   1:Core/Src/gpio.c **** /* USER CODE BEGIN Header */
   2:Core/Src/gpio.c **** /**
   3:Core/Src/gpio.c ****   ******************************************************************************
   4:Core/Src/gpio.c ****   * @file    gpio.c
   5:Core/Src/gpio.c ****   * @brief   This file provides code for the configuration
   6:Core/Src/gpio.c ****   *          of all used GPIO pins.
   7:Core/Src/gpio.c ****   ******************************************************************************
   8:Core/Src/gpio.c ****   * @attention
   9:Core/Src/gpio.c ****   *
  10:Core/Src/gpio.c ****   * Copyright (c) 2024 STMicroelectronics.
  11:Core/Src/gpio.c ****   * All rights reserved.
  12:Core/Src/gpio.c ****   *
  13:Core/Src/gpio.c ****   * This software is licensed under terms that can be found in the LICENSE file
  14:Core/Src/gpio.c ****   * in the root directory of this software component.
  15:Core/Src/gpio.c ****   * If no LICENSE file comes with this software, it is provided AS-IS.
  16:Core/Src/gpio.c ****   *
  17:Core/Src/gpio.c ****   ******************************************************************************
  18:Core/Src/gpio.c ****   */
  19:Core/Src/gpio.c **** /* USER CODE END Header */
  20:Core/Src/gpio.c **** 
  21:Core/Src/gpio.c **** /* Includes ------------------------------------------------------------------*/
  22:Core/Src/gpio.c **** #include "gpio.h"
  23:Core/Src/gpio.c **** 
  24:Core/Src/gpio.c **** /* USER CODE BEGIN 0 */
  25:Core/Src/gpio.c **** 
  26:Core/Src/gpio.c **** /* USER CODE END 0 */
  27:Core/Src/gpio.c **** 
  28:Core/Src/gpio.c **** /*----------------------------------------------------------------------------*/
  29:Core/Src/gpio.c **** /* Configure GPIO                                                             */
  30:Core/Src/gpio.c **** /*----------------------------------------------------------------------------*/
ARM GAS  /var/folders/5c/srt4fy4j1pd641bjfx75k5000000gn/T//ccrBKuMr.s 			page 2


  31:Core/Src/gpio.c **** /* USER CODE BEGIN 1 */
  32:Core/Src/gpio.c **** 
  33:Core/Src/gpio.c **** /* USER CODE END 1 */
  34:Core/Src/gpio.c **** 
  35:Core/Src/gpio.c **** /** Configure pins as
  36:Core/Src/gpio.c ****         * Analog
  37:Core/Src/gpio.c ****         * Input
  38:Core/Src/gpio.c ****         * Output
  39:Core/Src/gpio.c ****         * EVENT_OUT
  40:Core/Src/gpio.c ****         * EXTI
  41:Core/Src/gpio.c **** */
  42:Core/Src/gpio.c **** void MX_GPIO_Init(void)
  43:Core/Src/gpio.c **** {
  29              		.loc 1 43 1 view -0
  30              		.cfi_startproc
  31              		@ args = 0, pretend = 0, frame = 40
  32              		@ frame_needed = 0, uses_anonymous_args = 0
  33 0000 F0B5     		push	{r4, r5, r6, r7, lr}
  34              	.LCFI0:
  35              		.cfi_def_cfa_offset 20
  36              		.cfi_offset 4, -20
  37              		.cfi_offset 5, -16
  38              		.cfi_offset 6, -12
  39              		.cfi_offset 7, -8
  40              		.cfi_offset 14, -4
  41 0002 8BB0     		sub	sp, sp, #44
  42              	.LCFI1:
  43              		.cfi_def_cfa_offset 64
  44:Core/Src/gpio.c **** 
  45:Core/Src/gpio.c ****   GPIO_InitTypeDef GPIO_InitStruct = {0};
  44              		.loc 1 45 3 view .LVU1
  45              		.loc 1 45 20 is_stmt 0 view .LVU2
  46 0004 0024     		movs	r4, #0
  47 0006 0594     		str	r4, [sp, #20]
  48 0008 0694     		str	r4, [sp, #24]
  49 000a 0794     		str	r4, [sp, #28]
  50 000c 0894     		str	r4, [sp, #32]
  51 000e 0994     		str	r4, [sp, #36]
  46:Core/Src/gpio.c **** 
  47:Core/Src/gpio.c ****   /* GPIO Ports Clock Enable */
  48:Core/Src/gpio.c ****   __HAL_RCC_GPIOH_CLK_ENABLE();
  52              		.loc 1 48 3 is_stmt 1 view .LVU3
  53              	.LBB2:
  54              		.loc 1 48 3 view .LVU4
  55 0010 0094     		str	r4, [sp]
  56              		.loc 1 48 3 view .LVU5
  57 0012 334B     		ldr	r3, .L3
  58 0014 1A6B     		ldr	r2, [r3, #48]
  59 0016 42F08002 		orr	r2, r2, #128
  60 001a 1A63     		str	r2, [r3, #48]
  61              		.loc 1 48 3 view .LVU6
  62 001c 1A6B     		ldr	r2, [r3, #48]
  63 001e 02F08002 		and	r2, r2, #128
  64 0022 0092     		str	r2, [sp]
  65              		.loc 1 48 3 view .LVU7
  66 0024 009A     		ldr	r2, [sp]
  67              	.LBE2:
ARM GAS  /var/folders/5c/srt4fy4j1pd641bjfx75k5000000gn/T//ccrBKuMr.s 			page 3


  68              		.loc 1 48 3 view .LVU8
  49:Core/Src/gpio.c ****   __HAL_RCC_GPIOC_CLK_ENABLE();
  69              		.loc 1 49 3 view .LVU9
  70              	.LBB3:
  71              		.loc 1 49 3 view .LVU10
  72 0026 0194     		str	r4, [sp, #4]
  73              		.loc 1 49 3 view .LVU11
  74 0028 1A6B     		ldr	r2, [r3, #48]
  75 002a 42F00402 		orr	r2, r2, #4
  76 002e 1A63     		str	r2, [r3, #48]
  77              		.loc 1 49 3 view .LVU12
  78 0030 1A6B     		ldr	r2, [r3, #48]
  79 0032 02F00402 		and	r2, r2, #4
  80 0036 0192     		str	r2, [sp, #4]
  81              		.loc 1 49 3 view .LVU13
  82 0038 019A     		ldr	r2, [sp, #4]
  83              	.LBE3:
  84              		.loc 1 49 3 view .LVU14
  50:Core/Src/gpio.c ****   __HAL_RCC_GPIOA_CLK_ENABLE();
  85              		.loc 1 50 3 view .LVU15
  86              	.LBB4:
  87              		.loc 1 50 3 view .LVU16
  88 003a 0294     		str	r4, [sp, #8]
  89              		.loc 1 50 3 view .LVU17
  90 003c 1A6B     		ldr	r2, [r3, #48]
  91 003e 42F00102 		orr	r2, r2, #1
  92 0042 1A63     		str	r2, [r3, #48]
  93              		.loc 1 50 3 view .LVU18
  94 0044 1A6B     		ldr	r2, [r3, #48]
  95 0046 02F00102 		and	r2, r2, #1
  96 004a 0292     		str	r2, [sp, #8]
  97              		.loc 1 50 3 view .LVU19
  98 004c 029A     		ldr	r2, [sp, #8]
  99              	.LBE4:
 100              		.loc 1 50 3 view .LVU20
  51:Core/Src/gpio.c ****   __HAL_RCC_GPIOB_CLK_ENABLE();
 101              		.loc 1 51 3 view .LVU21
 102              	.LBB5:
 103              		.loc 1 51 3 view .LVU22
 104 004e 0394     		str	r4, [sp, #12]
 105              		.loc 1 51 3 view .LVU23
 106 0050 1A6B     		ldr	r2, [r3, #48]
 107 0052 42F00202 		orr	r2, r2, #2
 108 0056 1A63     		str	r2, [r3, #48]
 109              		.loc 1 51 3 view .LVU24
 110 0058 1A6B     		ldr	r2, [r3, #48]
 111 005a 02F00202 		and	r2, r2, #2
 112 005e 0392     		str	r2, [sp, #12]
 113              		.loc 1 51 3 view .LVU25
 114 0060 039A     		ldr	r2, [sp, #12]
 115              	.LBE5:
 116              		.loc 1 51 3 view .LVU26
  52:Core/Src/gpio.c ****   __HAL_RCC_GPIOD_CLK_ENABLE();
 117              		.loc 1 52 3 view .LVU27
 118              	.LBB6:
 119              		.loc 1 52 3 view .LVU28
 120 0062 0494     		str	r4, [sp, #16]
ARM GAS  /var/folders/5c/srt4fy4j1pd641bjfx75k5000000gn/T//ccrBKuMr.s 			page 4


 121              		.loc 1 52 3 view .LVU29
 122 0064 1A6B     		ldr	r2, [r3, #48]
 123 0066 42F00802 		orr	r2, r2, #8
 124 006a 1A63     		str	r2, [r3, #48]
 125              		.loc 1 52 3 view .LVU30
 126 006c 1B6B     		ldr	r3, [r3, #48]
 127 006e 03F00803 		and	r3, r3, #8
 128 0072 0493     		str	r3, [sp, #16]
 129              		.loc 1 52 3 view .LVU31
 130 0074 049B     		ldr	r3, [sp, #16]
 131              	.LBE6:
 132              		.loc 1 52 3 view .LVU32
  53:Core/Src/gpio.c **** 
  54:Core/Src/gpio.c ****   /*Configure GPIO pin Output Level */
  55:Core/Src/gpio.c ****   HAL_GPIO_WritePin(LED1_GPIO_Port, LED1_Pin, GPIO_PIN_RESET);
 133              		.loc 1 55 3 view .LVU33
 134 0076 1B4F     		ldr	r7, .L3+4
 135 0078 2246     		mov	r2, r4
 136 007a 0421     		movs	r1, #4
 137 007c 3846     		mov	r0, r7
 138 007e FFF7FEFF 		bl	HAL_GPIO_WritePin
 139              	.LVL0:
  56:Core/Src/gpio.c **** 
  57:Core/Src/gpio.c ****   /*Configure GPIO pin Output Level */
  58:Core/Src/gpio.c ****   HAL_GPIO_WritePin(GPIOB, LED2_Pin|LED3_Pin|LED4_Pin|LED5_Pin, GPIO_PIN_RESET);
 140              		.loc 1 58 3 view .LVU34
 141 0082 194D     		ldr	r5, .L3+8
 142 0084 2246     		mov	r2, r4
 143 0086 4FF4E871 		mov	r1, #464
 144 008a 2846     		mov	r0, r5
 145 008c FFF7FEFF 		bl	HAL_GPIO_WritePin
 146              	.LVL1:
  59:Core/Src/gpio.c **** 
  60:Core/Src/gpio.c ****   /*Configure GPIO pin : PtPin */
  61:Core/Src/gpio.c ****   GPIO_InitStruct.Pin = BUTTON1_Pin;
 147              		.loc 1 61 3 view .LVU35
 148              		.loc 1 61 23 is_stmt 0 view .LVU36
 149 0090 4FF48053 		mov	r3, #4096
 150 0094 0593     		str	r3, [sp, #20]
  62:Core/Src/gpio.c ****   GPIO_InitStruct.Mode = GPIO_MODE_INPUT;
 151              		.loc 1 62 3 is_stmt 1 view .LVU37
 152              		.loc 1 62 24 is_stmt 0 view .LVU38
 153 0096 0694     		str	r4, [sp, #24]
  63:Core/Src/gpio.c ****   GPIO_InitStruct.Pull = GPIO_NOPULL;
 154              		.loc 1 63 3 is_stmt 1 view .LVU39
 155              		.loc 1 63 24 is_stmt 0 view .LVU40
 156 0098 0794     		str	r4, [sp, #28]
  64:Core/Src/gpio.c ****   HAL_GPIO_Init(BUTTON1_GPIO_Port, &GPIO_InitStruct);
 157              		.loc 1 64 3 is_stmt 1 view .LVU41
 158 009a 05A9     		add	r1, sp, #20
 159 009c 1348     		ldr	r0, .L3+12
 160 009e FFF7FEFF 		bl	HAL_GPIO_Init
 161              	.LVL2:
  65:Core/Src/gpio.c **** 
  66:Core/Src/gpio.c ****   /*Configure GPIO pin : PtPin */
  67:Core/Src/gpio.c ****   GPIO_InitStruct.Pin = LED1_Pin;
 162              		.loc 1 67 3 view .LVU42
ARM GAS  /var/folders/5c/srt4fy4j1pd641bjfx75k5000000gn/T//ccrBKuMr.s 			page 5


 163              		.loc 1 67 23 is_stmt 0 view .LVU43
 164 00a2 0423     		movs	r3, #4
 165 00a4 0593     		str	r3, [sp, #20]
  68:Core/Src/gpio.c ****   GPIO_InitStruct.Mode = GPIO_MODE_OUTPUT_PP;
 166              		.loc 1 68 3 is_stmt 1 view .LVU44
 167              		.loc 1 68 24 is_stmt 0 view .LVU45
 168 00a6 0126     		movs	r6, #1
 169 00a8 0696     		str	r6, [sp, #24]
  69:Core/Src/gpio.c ****   GPIO_InitStruct.Pull = GPIO_NOPULL;
 170              		.loc 1 69 3 is_stmt 1 view .LVU46
 171              		.loc 1 69 24 is_stmt 0 view .LVU47
 172 00aa 0794     		str	r4, [sp, #28]
  70:Core/Src/gpio.c ****   GPIO_InitStruct.Speed = GPIO_SPEED_FREQ_LOW;
 173              		.loc 1 70 3 is_stmt 1 view .LVU48
 174              		.loc 1 70 25 is_stmt 0 view .LVU49
 175 00ac 0894     		str	r4, [sp, #32]
  71:Core/Src/gpio.c ****   HAL_GPIO_Init(LED1_GPIO_Port, &GPIO_InitStruct);
 176              		.loc 1 71 3 is_stmt 1 view .LVU50
 177 00ae 05A9     		add	r1, sp, #20
 178 00b0 3846     		mov	r0, r7
 179 00b2 FFF7FEFF 		bl	HAL_GPIO_Init
 180              	.LVL3:
  72:Core/Src/gpio.c **** 
  73:Core/Src/gpio.c ****   /*Configure GPIO pins : PBPin PBPin */
  74:Core/Src/gpio.c ****   GPIO_InitStruct.Pin = BUTTON2_Pin|BUTTON3_Pin;
 181              		.loc 1 74 3 view .LVU51
 182              		.loc 1 74 23 is_stmt 0 view .LVU52
 183 00b6 2823     		movs	r3, #40
 184 00b8 0593     		str	r3, [sp, #20]
  75:Core/Src/gpio.c ****   GPIO_InitStruct.Mode = GPIO_MODE_INPUT;
 185              		.loc 1 75 3 is_stmt 1 view .LVU53
 186              		.loc 1 75 24 is_stmt 0 view .LVU54
 187 00ba 0694     		str	r4, [sp, #24]
  76:Core/Src/gpio.c ****   GPIO_InitStruct.Pull = GPIO_NOPULL;
 188              		.loc 1 76 3 is_stmt 1 view .LVU55
 189              		.loc 1 76 24 is_stmt 0 view .LVU56
 190 00bc 0794     		str	r4, [sp, #28]
  77:Core/Src/gpio.c ****   HAL_GPIO_Init(GPIOB, &GPIO_InitStruct);
 191              		.loc 1 77 3 is_stmt 1 view .LVU57
 192 00be 05A9     		add	r1, sp, #20
 193 00c0 2846     		mov	r0, r5
 194 00c2 FFF7FEFF 		bl	HAL_GPIO_Init
 195              	.LVL4:
  78:Core/Src/gpio.c **** 
  79:Core/Src/gpio.c ****   /*Configure GPIO pins : PBPin PBPin PBPin PBPin */
  80:Core/Src/gpio.c ****   GPIO_InitStruct.Pin = LED2_Pin|LED3_Pin|LED4_Pin|LED5_Pin;
 196              		.loc 1 80 3 view .LVU58
 197              		.loc 1 80 23 is_stmt 0 view .LVU59
 198 00c6 4FF4E873 		mov	r3, #464
 199 00ca 0593     		str	r3, [sp, #20]
  81:Core/Src/gpio.c ****   GPIO_InitStruct.Mode = GPIO_MODE_OUTPUT_PP;
 200              		.loc 1 81 3 is_stmt 1 view .LVU60
 201              		.loc 1 81 24 is_stmt 0 view .LVU61
 202 00cc 0696     		str	r6, [sp, #24]
  82:Core/Src/gpio.c ****   GPIO_InitStruct.Pull = GPIO_NOPULL;
 203              		.loc 1 82 3 is_stmt 1 view .LVU62
 204              		.loc 1 82 24 is_stmt 0 view .LVU63
ARM GAS  /var/folders/5c/srt4fy4j1pd641bjfx75k5000000gn/T//ccrBKuMr.s 			page 6


 205 00ce 0794     		str	r4, [sp, #28]
  83:Core/Src/gpio.c ****   GPIO_InitStruct.Speed = GPIO_SPEED_FREQ_LOW;
 206              		.loc 1 83 3 is_stmt 1 view .LVU64
 207              		.loc 1 83 25 is_stmt 0 view .LVU65
 208 00d0 0894     		str	r4, [sp, #32]
  84:Core/Src/gpio.c ****   HAL_GPIO_Init(GPIOB, &GPIO_InitStruct);
 209              		.loc 1 84 3 is_stmt 1 view .LVU66
 210 00d2 05A9     		add	r1, sp, #20
 211 00d4 2846     		mov	r0, r5
 212 00d6 FFF7FEFF 		bl	HAL_GPIO_Init
 213              	.LVL5:
  85:Core/Src/gpio.c **** 
  86:Core/Src/gpio.c **** }
 214              		.loc 1 86 1 is_stmt 0 view .LVU67
 215 00da 0BB0     		add	sp, sp, #44
 216              	.LCFI2:
 217              		.cfi_def_cfa_offset 20
 218              		@ sp needed
 219 00dc F0BD     		pop	{r4, r5, r6, r7, pc}
 220              	.L4:
 221 00de 00BF     		.align	2
 222              	.L3:
 223 00e0 00380240 		.word	1073887232
 224 00e4 000C0240 		.word	1073875968
 225 00e8 00040240 		.word	1073873920
 226 00ec 00080240 		.word	1073874944
 227              		.cfi_endproc
 228              	.LFE239:
 230              		.text
 231              	.Letext0:
 232              		.file 2 "/opt/ST/STM32CubeCLT_1.16.0/GNU-tools-for-STM32/arm-none-eabi/include/machine/_default_ty
 233              		.file 3 "/opt/ST/STM32CubeCLT_1.16.0/GNU-tools-for-STM32/arm-none-eabi/include/sys/_stdint.h"
 234              		.file 4 "Drivers/CMSIS/Device/ST/STM32F4xx/Include/stm32f446xx.h"
 235              		.file 5 "Drivers/STM32F4xx_HAL_Driver/Inc/stm32f4xx_hal_gpio.h"
ARM GAS  /var/folders/5c/srt4fy4j1pd641bjfx75k5000000gn/T//ccrBKuMr.s 			page 7


DEFINED SYMBOLS
                            *ABS*:00000000 gpio.c
/var/folders/5c/srt4fy4j1pd641bjfx75k5000000gn/T//ccrBKuMr.s:21     .text.MX_GPIO_Init:00000000 $t
/var/folders/5c/srt4fy4j1pd641bjfx75k5000000gn/T//ccrBKuMr.s:27     .text.MX_GPIO_Init:00000000 MX_GPIO_Init
/var/folders/5c/srt4fy4j1pd641bjfx75k5000000gn/T//ccrBKuMr.s:223    .text.MX_GPIO_Init:000000e0 $d

UNDEFINED SYMBOLS
HAL_GPIO_WritePin
HAL_GPIO_Init
