ARM GAS  /var/folders/5c/srt4fy4j1pd641bjfx75k5000000gn/T//cc3mipZK.s 			page 1


   1              		.cpu cortex-m4
   2              		.arch armv7e-m
   3              		.fpu fpv4-sp-d16
   4              		.eabi_attribute 27, 1
   5              		.eabi_attribute 28, 1
   6              		.eabi_attribute 20, 1
   7              		.eabi_attribute 21, 1
   8              		.eabi_attribute 23, 3
   9              		.eabi_attribute 24, 1
  10              		.eabi_attribute 25, 1
  11              		.eabi_attribute 26, 1
  12              		.eabi_attribute 30, 1
  13              		.eabi_attribute 34, 1
  14              		.eabi_attribute 18, 4
  15              		.file	"mainMode.cpp"
  16              		.text
  17              	.Ltext0:
  18              		.cfi_sections	.debug_frame
  19              		.file 1 "src/mode/mainMode.cpp"
  20              		.section	.text._ZN8MainModeC2Ev,"ax",%progbits
  21              		.align	1
  22              		.global	_ZN8MainModeC2Ev
  23              		.syntax unified
  24              		.thumb
  25              		.thumb_func
  27              	_ZN8MainModeC2Ev:
  28              		.fnstart
  29              	.LVL0:
  30              	.LFB267:
   1:src/mode/mainMode.cpp **** #include "mainMode.hpp"
   2:src/mode/mainMode.cpp **** 
   3:src/mode/mainMode.cpp **** // #define DEBUG
   4:src/mode/mainMode.cpp **** 
   5:src/mode/mainMode.cpp **** MainMode::MainMode() {
  31              		.loc 1 5 1 view -0
  32              		.cfi_startproc
  33              		@ args = 0, pretend = 0, frame = 0
  34              		@ frame_needed = 0, uses_anonymous_args = 0
  35              		.loc 1 5 1 is_stmt 0 view .LVU1
  36 0000 10B5     		push	{r4, lr}
  37              		.save {r4, lr}
  38              	.LCFI0:
  39              		.cfi_def_cfa_offset 8
  40              		.cfi_offset 4, -8
  41              		.cfi_offset 14, -4
  42 0002 0446     		mov	r4, r0
  43              	.LBB2:
  44              		.loc 1 5 20 view .LVU2
  45 0004 FFF7FEFF 		bl	_ZN5TimerC1Ev
  46              	.LVL1:
  47              		.loc 1 5 20 view .LVU3
  48 0008 04F10800 		add	r0, r4, #8
  49 000c FFF7FEFF 		bl	_ZN5RobotC1Ev
  50              	.LVL2:
  51              	.LBE2:
   6:src/mode/mainMode.cpp **** }
  52              		.loc 1 6 1 view .LVU4
ARM GAS  /var/folders/5c/srt4fy4j1pd641bjfx75k5000000gn/T//cc3mipZK.s 			page 2


  53 0010 2046     		mov	r0, r4
  54 0012 10BD     		pop	{r4, pc}
  55              		.loc 1 6 1 view .LVU5
  56              		.cfi_endproc
  57              	.LFE267:
  58              		.fnend
  60              		.global	_ZN8MainModeC1Ev
  61              		.thumb_set _ZN8MainModeC1Ev,_ZN8MainModeC2Ev
  62              		.section	.text._ZN8MainMode4loopEv,"ax",%progbits
  63              		.align	1
  64              		.global	_ZN8MainMode4loopEv
  65              		.syntax unified
  66              		.thumb
  67              		.thumb_func
  69              	_ZN8MainMode4loopEv:
  70              		.fnstart
  71              	.LVL3:
  72              	.LFB269:
   7:src/mode/mainMode.cpp **** 
   8:src/mode/mainMode.cpp **** void MainMode::loop() {
  73              		.loc 1 8 23 is_stmt 1 view -0
  74              		.cfi_startproc
  75              		@ args = 0, pretend = 0, frame = 0
  76              		@ frame_needed = 0, uses_anonymous_args = 0
  77              		.loc 1 8 23 is_stmt 0 view .LVU7
  78 0000 38B5     		push	{r3, r4, r5, lr}
  79              		.save {r3, r4, r5, lr}
  80              	.LCFI1:
  81              		.cfi_def_cfa_offset 16
  82              		.cfi_offset 3, -16
  83              		.cfi_offset 4, -12
  84              		.cfi_offset 5, -8
  85              		.cfi_offset 14, -4
  86 0002 0446     		mov	r4, r0
   9:src/mode/mainMode.cpp ****       processTimer.reset();
  87              		.loc 1 9 7 is_stmt 1 view .LVU8
  88              		.loc 1 9 25 is_stmt 0 view .LVU9
  89 0004 FFF7FEFF 		bl	_ZN5Timer5resetEv
  90              	.LVL4:
  10:src/mode/mainMode.cpp ****       robot.motor.EncoderCompute();
  91              		.loc 1 10 7 is_stmt 1 view .LVU10
  92              		.loc 1 10 33 is_stmt 0 view .LVU11
  93 0008 04F58875 		add	r5, r4, #272
  94 000c 2846     		mov	r0, r5
  95 000e FFF7FEFF 		bl	_ZN10MotorDrive14EncoderComputeEv
  96              	.LVL5:
  11:src/mode/mainMode.cpp ****       robot.getSensors();
  97              		.loc 1 11 7 is_stmt 1 view .LVU12
  98              		.loc 1 11 23 is_stmt 0 view .LVU13
  99 0012 04F10800 		add	r0, r4, #8
 100 0016 FFF7FEFF 		bl	_ZN5Robot10getSensorsEv
 101              	.LVL6:
  12:src/mode/mainMode.cpp **** 
  13:src/mode/mainMode.cpp ****       static float p, i, d, pid, pre_p;
 102              		.loc 1 13 7 is_stmt 1 view .LVU14
  14:src/mode/mainMode.cpp ****       const float Kp = 2, Ki = 0, Kd = 0.5;
 103              		.loc 1 14 7 view .LVU15
ARM GAS  /var/folders/5c/srt4fy4j1pd641bjfx75k5000000gn/T//cc3mipZK.s 			page 3


  15:src/mode/mainMode.cpp ****       int16_t left, right;
 104              		.loc 1 15 7 view .LVU16
  16:src/mode/mainMode.cpp ****       p = robot.line.position - 0;
 105              		.loc 1 16 7 view .LVU17
 106              		.loc 1 16 22 is_stmt 0 view .LVU18
 107 001a D4ED086A 		vldr.32	s13, [r4, #32]
 108              		.loc 1 16 9 view .LVU19
 109 001e 504B     		ldr	r3, .L18
 110 0020 C3ED006A 		vstr.32	s13, [r3]
  17:src/mode/mainMode.cpp ****       i = p * processTime * 0.000001f;
 111              		.loc 1 17 7 is_stmt 1 view .LVU20
 112              		.loc 1 17 15 is_stmt 0 view .LVU21
 113 0024 B4F8C831 		ldrh	r3, [r4, #456]
 114 0028 07EE903A 		vmov	s15, r3	@ int
 115              		.loc 1 17 13 view .LVU22
 116 002c F8EEE77A 		vcvt.f32.s32	s15, s15
 117 0030 26EEA77A 		vmul.f32	s14, s13, s15
 118              		.loc 1 17 27 view .LVU23
 119 0034 9FED4B6A 		vldr.32	s12, .L18+4
 120 0038 27EE067A 		vmul.f32	s14, s14, s12
 121              		.loc 1 17 9 view .LVU24
 122 003c 4A4B     		ldr	r3, .L18+8
 123 003e 83ED007A 		vstr.32	s14, [r3]
  18:src/mode/mainMode.cpp ****       d = (pre_p - p) / (processTime * 0.000001f);
 124              		.loc 1 18 7 is_stmt 1 view .LVU25
 125              		.loc 1 18 18 is_stmt 0 view .LVU26
 126 0042 4A4B     		ldr	r3, .L18+12
 127 0044 D3ED005A 		vldr.32	s11, [r3]
 128 0048 75EEE65A 		vsub.f32	s11, s11, s13
 129              		.loc 1 18 38 view .LVU27
 130 004c 67EE867A 		vmul.f32	s15, s15, s12
 131              		.loc 1 18 23 view .LVU28
 132 0050 85EEA76A 		vdiv.f32	s12, s11, s15
 133              		.loc 1 18 9 view .LVU29
 134 0054 464A     		ldr	r2, .L18+16
 135 0056 82ED006A 		vstr.32	s12, [r2]
  19:src/mode/mainMode.cpp ****       pre_p = p;
 136              		.loc 1 19 7 is_stmt 1 view .LVU30
 137              		.loc 1 19 13 is_stmt 0 view .LVU31
 138 005a C3ED006A 		vstr.32	s13, [r3]
  20:src/mode/mainMode.cpp ****       pid = p * Kp + i * Ki + d * Kd;
 139              		.loc 1 20 7 is_stmt 1 view .LVU32
 140              		.loc 1 20 15 is_stmt 0 view .LVU33
 141 005e 76EEA67A 		vadd.f32	s15, s13, s13
 142              		.loc 1 20 24 view .LVU34
 143 0062 DFED445A 		vldr.32	s11, .L18+20
 144 0066 27EE257A 		vmul.f32	s14, s14, s11
 145              		.loc 1 20 20 view .LVU35
 146 006a 37EE877A 		vadd.f32	s14, s15, s14
 147              		.loc 1 20 33 view .LVU36
 148 006e F6EE005A 		vmov.f32	s11, #5.0e-1
 149 0072 26EE256A 		vmul.f32	s12, s12, s11
 150              		.loc 1 20 29 view .LVU37
 151 0076 37EE067A 		vadd.f32	s14, s14, s12
 152              		.loc 1 20 11 view .LVU38
 153 007a 3F4B     		ldr	r3, .L18+24
 154 007c 83ED007A 		vstr.32	s14, [r3]
ARM GAS  /var/folders/5c/srt4fy4j1pd641bjfx75k5000000gn/T//cc3mipZK.s 			page 4


  21:src/mode/mainMode.cpp ****       left = robot.line.position * 2;
 155              		.loc 1 21 7 is_stmt 1 view .LVU39
 156              		.loc 1 21 12 is_stmt 0 view .LVU40
 157 0080 BDEEE77A 		vcvt.s32.f32	s14, s15
 158 0084 17EE103A 		vmov	r3, s14	@ int
 159 0088 19B2     		sxth	r1, r3
 160              	.LVL7:
  22:src/mode/mainMode.cpp ****       right = robot.line.position * -2;
 161              		.loc 1 22 7 is_stmt 1 view .LVU41
 162              		.loc 1 22 13 is_stmt 0 view .LVU42
 163 008a F1EE677A 		vneg.f32	s15, s15
 164 008e FDEEE77A 		vcvt.s32.f32	s15, s15
 165 0092 17EE903A 		vmov	r3, s15	@ int
 166 0096 1AB2     		sxth	r2, r3
 167              	.LVL8:
  23:src/mode/mainMode.cpp ****       if (abs(left) > 75) left = 75 * (abs(left) / left);
 168              		.loc 1 23 7 is_stmt 1 view .LVU43
 169              		.loc 1 23 11 is_stmt 0 view .LVU44
 170 0098 81EAE173 		eor	r3, r1, r1, asr #31
 171 009c A3EBE173 		sub	r3, r3, r1, asr #31
 172 00a0 9BB2     		uxth	r3, r3
 173              		.loc 1 23 7 view .LVU45
 174 00a2 4B2B     		cmp	r3, #75
 175 00a4 06D9     		bls	.L4
 176              		.loc 1 23 27 is_stmt 1 discriminator 1 view .LVU46
 177              		.loc 1 23 50 is_stmt 0 discriminator 1 view .LVU47
 178 00a6 93FBF1F3 		sdiv	r3, r3, r1
 179              		.loc 1 23 32 discriminator 1 view .LVU48
 180 00aa 03EB8303 		add	r3, r3, r3, lsl #2
 181 00ae C3EB0313 		rsb	r3, r3, r3, lsl #4
 182 00b2 19B2     		sxth	r1, r3
 183              	.LVL9:
 184              	.L4:
  24:src/mode/mainMode.cpp ****       if (abs(right) > 75) right = 75 * (abs(right) / right);
 185              		.loc 1 24 7 is_stmt 1 view .LVU49
 186              		.loc 1 24 11 is_stmt 0 view .LVU50
 187 00b4 82EAE273 		eor	r3, r2, r2, asr #31
 188 00b8 A3EBE273 		sub	r3, r3, r2, asr #31
 189 00bc 9BB2     		uxth	r3, r3
 190              		.loc 1 24 7 view .LVU51
 191 00be 4B2B     		cmp	r3, #75
 192 00c0 06D9     		bls	.L5
 193              		.loc 1 24 28 is_stmt 1 discriminator 1 view .LVU52
 194              		.loc 1 24 53 is_stmt 0 discriminator 1 view .LVU53
 195 00c2 93FBF2F3 		sdiv	r3, r3, r2
 196              		.loc 1 24 34 discriminator 1 view .LVU54
 197 00c6 03EB8303 		add	r3, r3, r3, lsl #2
 198 00ca C3EB0313 		rsb	r3, r3, r3, lsl #4
 199 00ce 1AB2     		sxth	r2, r3
 200              	.LVL10:
 201              	.L5:
  25:src/mode/mainMode.cpp ****       if (abs(robot.line.position) < 10) {
 202              		.loc 1 25 7 is_stmt 1 view .LVU55
 203              		.loc 1 25 11 is_stmt 0 view .LVU56
 204 00d0 F5EEC06A 		vcmpe.f32	s13, #0
 205 00d4 F1EE10FA 		vmrs	APSR_nzcv, FPSCR
 206 00d8 39DD     		ble	.L17
ARM GAS  /var/folders/5c/srt4fy4j1pd641bjfx75k5000000gn/T//cc3mipZK.s 			page 5


 207              	.L6:
 208              		.loc 1 25 7 discriminator 4 view .LVU57
 209 00da F2EE047A 		vmov.f32	s15, #1.0e+1
 210 00de F4EEE76A 		vcmpe.f32	s13, s15
 211 00e2 F1EE10FA 		vmrs	APSR_nzcv, FPSCR
 212 00e6 35D5     		bpl	.L15
  26:src/mode/mainMode.cpp ****             left += 90;
 213              		.loc 1 26 13 is_stmt 1 view .LVU58
 214              		.loc 1 26 18 is_stmt 0 view .LVU59
 215 00e8 5A31     		adds	r1, r1, #90
 216              	.LVL11:
 217              		.loc 1 26 18 view .LVU60
 218 00ea 09B2     		sxth	r1, r1
 219              	.LVL12:
  27:src/mode/mainMode.cpp ****             right += 90;
 220              		.loc 1 27 13 is_stmt 1 view .LVU61
 221              		.loc 1 27 19 is_stmt 0 view .LVU62
 222 00ec 5A32     		adds	r2, r2, #90
 223              	.LVL13:
 224              		.loc 1 27 19 view .LVU63
 225 00ee 12B2     		sxth	r2, r2
 226              	.LVL14:
 227              	.L9:
  28:src/mode/mainMode.cpp ****       } else {
  29:src/mode/mainMode.cpp ****             left += 50;
  30:src/mode/mainMode.cpp ****             right += 50;
  31:src/mode/mainMode.cpp ****       }
  32:src/mode/mainMode.cpp ****       if (abs(left) > 150) left = 150 * (abs(left) / left);
 228              		.loc 1 32 7 is_stmt 1 view .LVU64
 229              		.loc 1 32 11 is_stmt 0 view .LVU65
 230 00f0 81EAE173 		eor	r3, r1, r1, asr #31
 231 00f4 A3EBE173 		sub	r3, r3, r1, asr #31
 232 00f8 9BB2     		uxth	r3, r3
 233              		.loc 1 32 7 view .LVU66
 234 00fa 962B     		cmp	r3, #150
 235 00fc 07D9     		bls	.L10
 236              		.loc 1 32 28 is_stmt 1 discriminator 1 view .LVU67
 237              		.loc 1 32 52 is_stmt 0 discriminator 1 view .LVU68
 238 00fe 93FBF1F3 		sdiv	r3, r3, r1
 239              		.loc 1 32 33 discriminator 1 view .LVU69
 240 0102 03EB8303 		add	r3, r3, r3, lsl #2
 241 0106 C3EB0313 		rsb	r3, r3, r3, lsl #4
 242 010a 5B00     		lsls	r3, r3, #1
 243 010c 19B2     		sxth	r1, r3
 244              	.LVL15:
 245              	.L10:
  33:src/mode/mainMode.cpp ****       if (abs(right) > 150) right = 150 * (abs(right) / right);
 246              		.loc 1 33 7 is_stmt 1 view .LVU70
 247              		.loc 1 33 11 is_stmt 0 view .LVU71
 248 010e 82EAE273 		eor	r3, r2, r2, asr #31
 249 0112 A3EBE273 		sub	r3, r3, r2, asr #31
 250 0116 9BB2     		uxth	r3, r3
 251              		.loc 1 33 7 view .LVU72
 252 0118 962B     		cmp	r3, #150
 253 011a 07D9     		bls	.L11
 254              		.loc 1 33 29 is_stmt 1 discriminator 1 view .LVU73
 255              		.loc 1 33 55 is_stmt 0 discriminator 1 view .LVU74
ARM GAS  /var/folders/5c/srt4fy4j1pd641bjfx75k5000000gn/T//cc3mipZK.s 			page 6


 256 011c 93FBF2F3 		sdiv	r3, r3, r2
 257              		.loc 1 33 35 discriminator 1 view .LVU75
 258 0120 03EB8303 		add	r3, r3, r3, lsl #2
 259 0124 C3EB0313 		rsb	r3, r3, r3, lsl #4
 260 0128 5B00     		lsls	r3, r3, #1
 261 012a 1AB2     		sxth	r2, r3
 262              	.LVL16:
 263              	.L11:
  34:src/mode/mainMode.cpp ****       robot.motor.Drive(left, right);
 264              		.loc 1 34 7 is_stmt 1 view .LVU76
 265              		.loc 1 34 24 is_stmt 0 view .LVU77
 266 012c 2846     		mov	r0, r5
 267 012e FFF7FEFF 		bl	_ZN10MotorDrive5DriveEss
 268              	.LVL17:
  35:src/mode/mainMode.cpp ****       // printf("ProcessTime = %d, LinePosition = %f\n", processTime, robot.line.position);
  36:src/mode/mainMode.cpp ****       // for (uint8_t i = 0; i < 10; i++) printf("%d, ", robot.line.mainVal[i]);
  37:src/mode/mainMode.cpp ****       // printf("\n");
  38:src/mode/mainMode.cpp ****       // 定周期処理
  39:src/mode/mainMode.cpp ****       processTime = processTimer.read_us();
 269              		.loc 1 39 7 is_stmt 1 view .LVU78
 270              		.loc 1 39 41 is_stmt 0 view .LVU79
 271 0132 2046     		mov	r0, r4
 272 0134 FFF7FEFF 		bl	_ZN5Timer7read_usEv
 273              	.LVL18:
 274              		.loc 1 39 19 view .LVU80
 275 0138 80B2     		uxth	r0, r0
 276 013a A4F8C801 		strh	r0, [r4, #456]	@ movhi
  40:src/mode/mainMode.cpp ****       if (processTime < PERIOD_US) {
 277              		.loc 1 40 7 is_stmt 1 view .LVU81
 278 013e 6328     		cmp	r0, #99
 279 0140 04D8     		bhi	.L3
 280              	.L13:
  41:src/mode/mainMode.cpp ****             while (processTimer.read_us() < PERIOD_US);
 281              		.loc 1 41 43 discriminator 1 view .LVU82
 282              		.loc 1 41 40 is_stmt 0 discriminator 1 view .LVU83
 283 0142 2046     		mov	r0, r4
 284 0144 FFF7FEFF 		bl	_ZN5Timer7read_usEv
 285              	.LVL19:
 286              		.loc 1 41 43 discriminator 1 view .LVU84
 287 0148 6328     		cmp	r0, #99
 288 014a FAD9     		bls	.L13
 289              	.L3:
  42:src/mode/mainMode.cpp ****             // #ifdef DEBUG
  43:src/mode/mainMode.cpp ****             // #endif
  44:src/mode/mainMode.cpp ****       } else {
  45:src/mode/mainMode.cpp ****             // printf("OverProcess! ");
  46:src/mode/mainMode.cpp ****       }
  47:src/mode/mainMode.cpp **** }...
 290              		.loc 1 47 1 view .LVU85
 291 014c 38BD     		pop	{r3, r4, r5, pc}
 292              	.LVL20:
 293              	.L17:
  25:src/mode/mainMode.cpp ****       if (abs(robot.line.position) < 10) {
 294              		.loc 1 25 11 discriminator 2 view .LVU86
 295 014e F1EE666A 		vneg.f32	s13, s13
 296 0152 C2E7     		b	.L6
 297              	.L15:
ARM GAS  /var/folders/5c/srt4fy4j1pd641bjfx75k5000000gn/T//cc3mipZK.s 			page 7


  29:src/mode/mainMode.cpp ****             left += 50;
 298              		.loc 1 29 13 is_stmt 1 view .LVU87
  29:src/mode/mainMode.cpp ****             left += 50;
 299              		.loc 1 29 18 is_stmt 0 view .LVU88
 300 0154 3231     		adds	r1, r1, #50
 301              	.LVL21:
  29:src/mode/mainMode.cpp ****             left += 50;
 302              		.loc 1 29 18 view .LVU89
 303 0156 09B2     		sxth	r1, r1
 304              	.LVL22:
  30:src/mode/mainMode.cpp ****             right += 50;
 305              		.loc 1 30 13 is_stmt 1 view .LVU90
  30:src/mode/mainMode.cpp ****             right += 50;
 306              		.loc 1 30 19 is_stmt 0 view .LVU91
 307 0158 3232     		adds	r2, r2, #50
 308              	.LVL23:
  30:src/mode/mainMode.cpp ****             right += 50;
 309              		.loc 1 30 19 view .LVU92
 310 015a 12B2     		sxth	r2, r2
 311              	.LVL24:
  30:src/mode/mainMode.cpp ****             right += 50;
 312              		.loc 1 30 19 view .LVU93
 313 015c C8E7     		b	.L9
 314              	.L19:
 315 015e 00BF     		.align	2
 316              	.L18:
 317 0160 00000000 		.word	_ZZN8MainMode4loopEvE1p
 318 0164 BD378635 		.word	897988541
 319 0168 00000000 		.word	_ZZN8MainMode4loopEvE1i
 320 016c 00000000 		.word	_ZZN8MainMode4loopEvE5pre_p
 321 0170 00000000 		.word	_ZZN8MainMode4loopEvE1d
 322 0174 00000000 		.word	0
 323 0178 00000000 		.word	_ZZN8MainMode4loopEvE3pid
 324              		.cfi_endproc
 325              	.LFE269:
 326              		.fnend
 328              		.section	.bss._ZZN8MainMode4loopEvE5pre_p,"aw",%nobits
 329              		.align	2
 332              	_ZZN8MainMode4loopEvE5pre_p:
 333 0000 00000000 		.space	4
 334              		.section	.bss._ZZN8MainMode4loopEvE3pid,"aw",%nobits
 335              		.align	2
 338              	_ZZN8MainMode4loopEvE3pid:
 339 0000 00000000 		.space	4
 340              		.section	.bss._ZZN8MainMode4loopEvE1d,"aw",%nobits
 341              		.align	2
 344              	_ZZN8MainMode4loopEvE1d:
 345 0000 00000000 		.space	4
 346              		.section	.bss._ZZN8MainMode4loopEvE1i,"aw",%nobits
 347              		.align	2
 350              	_ZZN8MainMode4loopEvE1i:
 351 0000 00000000 		.space	4
 352              		.section	.bss._ZZN8MainMode4loopEvE1p,"aw",%nobits
 353              		.align	2
 356              	_ZZN8MainMode4loopEvE1p:
 357 0000 00000000 		.space	4
 358              		.text
ARM GAS  /var/folders/5c/srt4fy4j1pd641bjfx75k5000000gn/T//cc3mipZK.s 			page 8


 359              	.Letext0:
 360              		.file 2 "/opt/ST/STM32CubeCLT_1.16.0/GNU-tools-for-STM32/arm-none-eabi/include/machine/_default_ty
 361              		.file 3 "/opt/ST/STM32CubeCLT_1.16.0/GNU-tools-for-STM32/arm-none-eabi/include/sys/_stdint.h"
 362              		.file 4 "Drivers/CMSIS/Device/ST/STM32F4xx/Include/stm32f446xx.h"
 363              		.file 5 "/opt/ST/STM32CubeCLT_1.16.0/GNU-tools-for-STM32/lib/gcc/arm-none-eabi/12.3.1/include/stdd
 364              		.file 6 "Drivers/STM32F4xx_HAL_Driver/Inc/stm32f4xx_hal_def.h"
 365              		.file 7 "Drivers/STM32F4xx_HAL_Driver/Inc/stm32f4xx_hal_dma.h"
 366              		.file 8 "Drivers/STM32F4xx_HAL_Driver/Inc/stm32f4xx_hal_tim.h"
 367              		.file 9 "Lib/DigitalInOut/DigitalInOut.hpp"
 368              		.file 10 "Lib/Timer/Timer.hpp"
 369              		.file 11 "Lib/Button/Button.hpp"
 370              		.file 12 "Lib/Buzzer/Buzzer.hpp"
 371              		.file 13 "/opt/ST/STM32CubeCLT_1.16.0/GNU-tools-for-STM32/arm-none-eabi/include/c++/12.3.1/cstdio"
 372              		.file 14 "/opt/ST/STM32CubeCLT_1.16.0/GNU-tools-for-STM32/arm-none-eabi/include/c++/12.3.1/arm-non
 373              		.file 15 "/opt/ST/STM32CubeCLT_1.16.0/GNU-tools-for-STM32/arm-none-eabi/include/sys/_types.h"
 374              		.file 16 "/opt/ST/STM32CubeCLT_1.16.0/GNU-tools-for-STM32/arm-none-eabi/include/sys/reent.h"
 375              		.file 17 "/opt/ST/STM32CubeCLT_1.16.0/GNU-tools-for-STM32/arm-none-eabi/include/sys/lock.h"
 376              		.file 18 "/opt/ST/STM32CubeCLT_1.16.0/GNU-tools-for-STM32/arm-none-eabi/include/stdio.h"
 377              		.file 19 "Lib/PWMSingle/PWMSingle.hpp"
 378              		.file 20 "src/unit/motorDrive.hpp"
 379              		.file 21 "src/unit/robot.hpp"
 380              		.file 22 "src/mode/mainMode.hpp"
ARM GAS  /var/folders/5c/srt4fy4j1pd641bjfx75k5000000gn/T//cc3mipZK.s 			page 9


DEFINED SYMBOLS
                            *ABS*:00000000 mainMode.cpp
/var/folders/5c/srt4fy4j1pd641bjfx75k5000000gn/T//cc3mipZK.s:21     .text._ZN8MainModeC2Ev:00000000 $t
/var/folders/5c/srt4fy4j1pd641bjfx75k5000000gn/T//cc3mipZK.s:27     .text._ZN8MainModeC2Ev:00000000 _ZN8MainModeC2Ev
 .ARM.exidx.text._ZN8MainModeC2Ev:00000000 $d
/var/folders/5c/srt4fy4j1pd641bjfx75k5000000gn/T//cc3mipZK.s:27     .text._ZN8MainModeC2Ev:00000000 _ZN8MainModeC1Ev
/var/folders/5c/srt4fy4j1pd641bjfx75k5000000gn/T//cc3mipZK.s:63     .text._ZN8MainMode4loopEv:00000000 $t
/var/folders/5c/srt4fy4j1pd641bjfx75k5000000gn/T//cc3mipZK.s:69     .text._ZN8MainMode4loopEv:00000000 _ZN8MainMode4loopEv
/var/folders/5c/srt4fy4j1pd641bjfx75k5000000gn/T//cc3mipZK.s:317    .text._ZN8MainMode4loopEv:00000160 $d
/var/folders/5c/srt4fy4j1pd641bjfx75k5000000gn/T//cc3mipZK.s:356    .bss._ZZN8MainMode4loopEvE1p:00000000 _ZZN8MainMode4loopEvE1p
/var/folders/5c/srt4fy4j1pd641bjfx75k5000000gn/T//cc3mipZK.s:350    .bss._ZZN8MainMode4loopEvE1i:00000000 _ZZN8MainMode4loopEvE1i
/var/folders/5c/srt4fy4j1pd641bjfx75k5000000gn/T//cc3mipZK.s:332    .bss._ZZN8MainMode4loopEvE5pre_p:00000000 _ZZN8MainMode4loopEvE5pre_p
/var/folders/5c/srt4fy4j1pd641bjfx75k5000000gn/T//cc3mipZK.s:344    .bss._ZZN8MainMode4loopEvE1d:00000000 _ZZN8MainMode4loopEvE1d
/var/folders/5c/srt4fy4j1pd641bjfx75k5000000gn/T//cc3mipZK.s:338    .bss._ZZN8MainMode4loopEvE3pid:00000000 _ZZN8MainMode4loopEvE3pid
.ARM.exidx.text._ZN8MainMode4loopEv:00000000 $d
/var/folders/5c/srt4fy4j1pd641bjfx75k5000000gn/T//cc3mipZK.s:329    .bss._ZZN8MainMode4loopEvE5pre_p:00000000 $d
/var/folders/5c/srt4fy4j1pd641bjfx75k5000000gn/T//cc3mipZK.s:335    .bss._ZZN8MainMode4loopEvE3pid:00000000 $d
/var/folders/5c/srt4fy4j1pd641bjfx75k5000000gn/T//cc3mipZK.s:341    .bss._ZZN8MainMode4loopEvE1d:00000000 $d
/var/folders/5c/srt4fy4j1pd641bjfx75k5000000gn/T//cc3mipZK.s:347    .bss._ZZN8MainMode4loopEvE1i:00000000 $d
/var/folders/5c/srt4fy4j1pd641bjfx75k5000000gn/T//cc3mipZK.s:353    .bss._ZZN8MainMode4loopEvE1p:00000000 $d

UNDEFINED SYMBOLS
_ZN5TimerC1Ev
_ZN5RobotC1Ev
__aeabi_unwind_cpp_pr0
_ZN5Timer5resetEv
_ZN10MotorDrive14EncoderComputeEv
_ZN5Robot10getSensorsEv
_ZN10MotorDrive5DriveEss
_ZN5Timer7read_usEv
