ARM GAS  /var/folders/5c/srt4fy4j1pd641bjfx75k5000000gn/T//ccmpBLmL.s 			page 1


   1              		.cpu cortex-m4
   2              		.arch armv7e-m
   3              		.fpu fpv4-sp-d16
   4              		.eabi_attribute 27, 1
   5              		.eabi_attribute 28, 1
   6              		.eabi_attribute 20, 1
   7              		.eabi_attribute 21, 1
   8              		.eabi_attribute 23, 3
   9              		.eabi_attribute 24, 1
  10              		.eabi_attribute 25, 1
  11              		.eabi_attribute 26, 1
  12              		.eabi_attribute 30, 1
  13              		.eabi_attribute 34, 1
  14              		.eabi_attribute 18, 4
  15              		.file	"motor_drive.cpp"
  16              		.text
  17              	.Ltext0:
  18              		.cfi_sections	.debug_frame
  19              		.file 1 "src/unit/motor_drive.cpp"
  20              		.section	.text._ZN12PwmSingleOut4initEv,"axG",%progbits,_ZN12PwmSingleOut4initEv,comdat
  21              		.align	1
  22              		.weak	_ZN12PwmSingleOut4initEv
  23              		.syntax unified
  24              		.thumb
  25              		.thumb_func
  27              	_ZN12PwmSingleOut4initEv:
  28              		.fnstart
  29              	.LVL0:
  30              	.LFB245:
  31              		.file 2 "Lib/PWMSingle/PWMSingle.hpp"
   1:Lib/PWMSingle/PWMSingle.hpp **** #ifndef __PWMSINGLE__
   2:Lib/PWMSingle/PWMSingle.hpp **** #define __PWMSINGLE__
   3:Lib/PWMSingle/PWMSingle.hpp **** 
   4:Lib/PWMSingle/PWMSingle.hpp **** #include "MyMath.hpp"
   5:Lib/PWMSingle/PWMSingle.hpp **** #include "tim.h"
   6:Lib/PWMSingle/PWMSingle.hpp **** 
   7:Lib/PWMSingle/PWMSingle.hpp **** #ifdef __cplusplus
   8:Lib/PWMSingle/PWMSingle.hpp **** extern "C" {
   9:Lib/PWMSingle/PWMSingle.hpp **** 
  10:Lib/PWMSingle/PWMSingle.hpp **** class PwmSingleOut {
  11:Lib/PWMSingle/PWMSingle.hpp ****      public:
  12:Lib/PWMSingle/PWMSingle.hpp ****       PwmSingleOut(TIM_HandleTypeDef *htim, uint32_t channel)
  13:Lib/PWMSingle/PWMSingle.hpp ****           : _htim(htim), _channel(channel), _maxValue(_htim->Init.Period) {
  14:Lib/PWMSingle/PWMSingle.hpp ****       }
  15:Lib/PWMSingle/PWMSingle.hpp **** 
  16:Lib/PWMSingle/PWMSingle.hpp ****       void init() {
  32              		.loc 2 16 12 view -0
  33              		.cfi_startproc
  34              		@ args = 0, pretend = 0, frame = 0
  35              		@ frame_needed = 0, uses_anonymous_args = 0
  36              		.loc 2 16 12 is_stmt 0 view .LVU1
  37 0000 10B5     		push	{r4, lr}
  38              		.save {r4, lr}
  39              	.LCFI0:
  40              		.cfi_def_cfa_offset 8
  41              		.cfi_offset 4, -8
  42              		.cfi_offset 14, -4
ARM GAS  /var/folders/5c/srt4fy4j1pd641bjfx75k5000000gn/T//ccmpBLmL.s 			page 2


  43 0002 0446     		mov	r4, r0
  17:Lib/PWMSingle/PWMSingle.hpp ****             HAL_TIM_PWM_Start(_htim, _channel);
  44              		.loc 2 17 13 is_stmt 1 view .LVU2
  45              		.loc 2 17 30 is_stmt 0 view .LVU3
  46 0004 4168     		ldr	r1, [r0, #4]
  47 0006 0068     		ldr	r0, [r0]
  48              	.LVL1:
  49              		.loc 2 17 30 view .LVU4
  50 0008 FFF7FEFF 		bl	HAL_TIM_PWM_Start
  51              	.LVL2:
  18:Lib/PWMSingle/PWMSingle.hpp ****             _maxValue = _htim->Init.Period;
  52              		.loc 2 18 13 is_stmt 1 view .LVU5
  53              		.loc 2 18 25 is_stmt 0 view .LVU6
  54 000c 2368     		ldr	r3, [r4]
  55              		.loc 2 18 37 view .LVU7
  56 000e DB68     		ldr	r3, [r3, #12]
  57              		.loc 2 18 23 view .LVU8
  58 0010 A360     		str	r3, [r4, #8]
  19:Lib/PWMSingle/PWMSingle.hpp ****       }
  59              		.loc 2 19 7 view .LVU9
  60 0012 10BD     		pop	{r4, pc}
  61              		.loc 2 19 7 view .LVU10
  62              		.cfi_endproc
  63              	.LFE245:
  64              		.fnend
  66              		.global	__aeabi_f2d
  67              		.global	__aeabi_ui2d
  68              		.global	__aeabi_dmul
  69              		.global	__aeabi_d2iz
  70              		.section	.text._ZN12PwmSingleOut5writeEf,"axG",%progbits,_ZN12PwmSingleOut5writeEf,comdat
  71              		.align	1
  72              		.weak	_ZN12PwmSingleOut5writeEf
  73              		.syntax unified
  74              		.thumb
  75              		.thumb_func
  77              	_ZN12PwmSingleOut5writeEf:
  78              		.fnstart
  79              	.LVL3:
  80              	.LFB246:
  20:Lib/PWMSingle/PWMSingle.hpp **** 
  21:Lib/PWMSingle/PWMSingle.hpp ****       void write(float duty) {
  81              		.loc 2 21 12 is_stmt 1 view -0
  82              		.cfi_startproc
  83              		@ args = 0, pretend = 0, frame = 0
  84              		@ frame_needed = 0, uses_anonymous_args = 0
  85              		.loc 2 21 12 is_stmt 0 view .LVU12
  86 0000 D0B5     		push	{r4, r6, r7, lr}
  87              	.LCFI1:
  88              		.cfi_def_cfa_offset 16
  89              		.cfi_offset 4, -16
  90              		.cfi_offset 6, -12
  91              		.cfi_offset 7, -8
  92              		.cfi_offset 14, -4
  93 0002 0446     		mov	r4, r0
  22:Lib/PWMSingle/PWMSingle.hpp ****             duty = (int)(Constrain(duty, 0.0, 1.0) * _maxValue);
  94              		.loc 2 22 13 is_stmt 1 view .LVU13
  95              		.loc 2 22 26 is_stmt 0 view .LVU14
ARM GAS  /var/folders/5c/srt4fy4j1pd641bjfx75k5000000gn/T//ccmpBLmL.s 			page 3


  96 0004 B5EEC00A 		vcmpe.f32	s0, #0
  97 0008 F1EE10FA 		vmrs	APSR_nzcv, FPSCR
  98 000c 10D4     		bmi	.L9
  99              		.loc 2 22 26 discriminator 2 view .LVU15
 100 000e F7EE007A 		vmov.f32	s15, #1.0e+0
 101 0012 B4EEE70A 		vcmpe.f32	s0, s15
 102 0016 F1EE10FA 		vmrs	APSR_nzcv, FPSCR
 103 001a 02DD     		ble	.L12
 104              		.loc 2 22 26 view .LVU16
 105 001c 0026     		movs	r6, #0
 106 001e 1D4F     		ldr	r7, .L15
 107 0020 08E0     		b	.L4
 108              	.L12:
 109              		.loc 2 22 26 discriminator 5 view .LVU17
 110 0022 10EE100A 		vmov	r0, s0
 111              	.LVL4:
 112              		.loc 2 22 26 discriminator 5 view .LVU18
 113 0026 FFF7FEFF 		bl	__aeabi_f2d
 114              	.LVL5:
 115              		.loc 2 22 26 discriminator 5 view .LVU19
 116 002a 0646     		mov	r6, r0
 117 002c 0F46     		mov	r7, r1
 118 002e 01E0     		b	.L4
 119              	.LVL6:
 120              	.L9:
 121              		.loc 2 22 26 view .LVU20
 122 0030 0026     		movs	r6, #0
 123 0032 0027     		movs	r7, #0
 124              	.LVL7:
 125              	.L4:
 126              		.loc 2 22 52 discriminator 8 view .LVU21
 127 0034 A068     		ldr	r0, [r4, #8]
 128 0036 FFF7FEFF 		bl	__aeabi_ui2d
 129              	.LVL8:
 130 003a 3246     		mov	r2, r6
 131 003c 3B46     		mov	r3, r7
 132 003e FFF7FEFF 		bl	__aeabi_dmul
 133              	.LVL9:
 134              		.loc 2 22 20 discriminator 8 view .LVU22
 135 0042 FFF7FEFF 		bl	__aeabi_d2iz
 136              	.LVL10:
 137 0046 07EE900A 		vmov	s15, r0	@ int
 138              		.loc 2 22 18 discriminator 8 view .LVU23
 139 004a F8EEE77A 		vcvt.f32.s32	s15, s15
 140              	.LVL11:
  23:Lib/PWMSingle/PWMSingle.hpp ****             __HAL_TIM_SET_COMPARE(_htim, _channel, duty);
 141              		.loc 2 23 13 is_stmt 1 discriminator 8 view .LVU24
 142 004e 6368     		ldr	r3, [r4, #4]
 143 0050 33B9     		cbnz	r3, .L5
 144              		.loc 2 23 13 is_stmt 0 discriminator 1 view .LVU25
 145 0052 2368     		ldr	r3, [r4]
 146 0054 1B68     		ldr	r3, [r3]
 147 0056 FCEEE77A 		vcvt.u32.f32	s15, s15
 148              	.LVL12:
 149              		.loc 2 23 13 discriminator 1 view .LVU26
 150 005a C3ED0D7A 		vstr.32	s15, [r3, #52]	@ int
 151              	.L3:
ARM GAS  /var/folders/5c/srt4fy4j1pd641bjfx75k5000000gn/T//ccmpBLmL.s 			page 4


  24:Lib/PWMSingle/PWMSingle.hpp ****       }
 152              		.loc 2 24 7 view .LVU27
 153 005e D0BD     		pop	{r4, r6, r7, pc}
 154              	.LVL13:
 155              	.L5:
  23:Lib/PWMSingle/PWMSingle.hpp ****             __HAL_TIM_SET_COMPARE(_htim, _channel, duty);
 156              		.loc 2 23 13 discriminator 2 view .LVU28
 157 0060 042B     		cmp	r3, #4
 158 0062 08D0     		beq	.L13
  23:Lib/PWMSingle/PWMSingle.hpp ****             __HAL_TIM_SET_COMPARE(_htim, _channel, duty);
 159              		.loc 2 23 13 discriminator 4 view .LVU29
 160 0064 082B     		cmp	r3, #8
 161 0066 0DD0     		beq	.L14
  23:Lib/PWMSingle/PWMSingle.hpp ****             __HAL_TIM_SET_COMPARE(_htim, _channel, duty);
 162              		.loc 2 23 13 discriminator 6 view .LVU30
 163 0068 2368     		ldr	r3, [r4]
 164 006a 1B68     		ldr	r3, [r3]
 165 006c FCEEE77A 		vcvt.u32.f32	s15, s15
 166              	.LVL14:
  23:Lib/PWMSingle/PWMSingle.hpp ****             __HAL_TIM_SET_COMPARE(_htim, _channel, duty);
 167              		.loc 2 23 13 discriminator 6 view .LVU31
 168 0070 C3ED107A 		vstr.32	s15, [r3, #64]	@ int
 169              		.loc 2 24 7 discriminator 6 view .LVU32
 170 0074 F3E7     		b	.L3
 171              	.LVL15:
 172              	.L13:
  23:Lib/PWMSingle/PWMSingle.hpp ****             __HAL_TIM_SET_COMPARE(_htim, _channel, duty);
 173              		.loc 2 23 13 discriminator 3 view .LVU33
 174 0076 2368     		ldr	r3, [r4]
 175 0078 1B68     		ldr	r3, [r3]
 176 007a FCEEE77A 		vcvt.u32.f32	s15, s15
 177              	.LVL16:
  23:Lib/PWMSingle/PWMSingle.hpp ****             __HAL_TIM_SET_COMPARE(_htim, _channel, duty);
 178              		.loc 2 23 13 discriminator 3 view .LVU34
 179 007e C3ED0E7A 		vstr.32	s15, [r3, #56]	@ int
 180 0082 ECE7     		b	.L3
 181              	.LVL17:
 182              	.L14:
  23:Lib/PWMSingle/PWMSingle.hpp ****             __HAL_TIM_SET_COMPARE(_htim, _channel, duty);
 183              		.loc 2 23 13 discriminator 5 view .LVU35
 184 0084 2368     		ldr	r3, [r4]
 185 0086 1B68     		ldr	r3, [r3]
 186 0088 FCEEE77A 		vcvt.u32.f32	s15, s15
 187              	.LVL18:
  23:Lib/PWMSingle/PWMSingle.hpp ****             __HAL_TIM_SET_COMPARE(_htim, _channel, duty);
 188              		.loc 2 23 13 discriminator 5 view .LVU36
 189 008c C3ED0F7A 		vstr.32	s15, [r3, #60]	@ int
 190 0090 E5E7     		b	.L3
 191              	.L16:
 192 0092 00BF     		.align	2
 193              	.L15:
 194 0094 0000F03F 		.word	1072693248
 195              		.cfi_endproc
 196              	.LFE246:
 197              		.cantunwind
 198              		.fnend
 200              		.section	.text._ZN10MotorDriveC2EP12PwmSingleOutS1_S1_S1_PtS2_,"ax",%progbits
ARM GAS  /var/folders/5c/srt4fy4j1pd641bjfx75k5000000gn/T//ccmpBLmL.s 			page 5


 201              		.align	1
 202              		.global	_ZN10MotorDriveC2EP12PwmSingleOutS1_S1_S1_PtS2_
 203              		.syntax unified
 204              		.thumb
 205              		.thumb_func
 207              	_ZN10MotorDriveC2EP12PwmSingleOutS1_S1_S1_PtS2_:
 208              		.fnstart
 209              	.LVL19:
 210              	.LFB252:
   1:src/unit/motor_drive.cpp **** #include "motor_drive.hpp"
   2:src/unit/motor_drive.cpp **** 
   3:src/unit/motor_drive.cpp **** MotorDrive::MotorDrive(PwmSingleOut *motor1a, PwmSingleOut *motor1b, PwmSingleOut *motor2a, PwmSing
 211              		.loc 1 3 1 is_stmt 1 view -0
 212              		.cfi_startproc
 213              		@ args = 12, pretend = 0, frame = 0
 214              		@ frame_needed = 0, uses_anonymous_args = 0
 215              		.loc 1 3 1 is_stmt 0 view .LVU38
 216 0000 10B5     		push	{r4, lr}
 217              		.save {r4, lr}
 218              	.LCFI2:
 219              		.cfi_def_cfa_offset 8
 220              		.cfi_offset 4, -8
 221              		.cfi_offset 14, -4
 222 0002 0446     		mov	r4, r0
 223              	.LBB9:
   4:src/unit/motor_drive.cpp ****     : motor1a_(motor1a), motor1b_(motor1b), motor2a_(motor2a), motor2b_(motor2b) {
 224              		.loc 1 4 7 view .LVU39
 225 0004 8164     		str	r1, [r0, #72]
 226              		.loc 1 4 26 view .LVU40
 227 0006 C264     		str	r2, [r0, #76]
 228              		.loc 1 4 45 view .LVU41
 229 0008 0365     		str	r3, [r0, #80]
 230              		.loc 1 4 64 view .LVU42
 231 000a 029B     		ldr	r3, [sp, #8]
 232              	.LVL20:
 233              		.loc 1 4 64 view .LVU43
 234 000c 4365     		str	r3, [r0, #84]
 235              	.LVL21:
 236              	.LBB10:
 237              	.LBI10:
 238              		.file 3 "Lib/MovingAve/MovingAve.hpp"
   1:Lib/MovingAve/MovingAve.hpp **** #ifndef __MOVING_AVE__
   2:Lib/MovingAve/MovingAve.hpp **** #define __MOVING_AVE__
   3:Lib/MovingAve/MovingAve.hpp **** 
   4:Lib/MovingAve/MovingAve.hpp **** #include "main.h"
   5:Lib/MovingAve/MovingAve.hpp **** 
   6:Lib/MovingAve/MovingAve.hpp **** class MovingAve {
 239              		.loc 3 6 7 is_stmt 1 view .LVU44
 240              	.LBB11:
 241 000e 0A23     		movs	r3, #10
 242 0010 80F88133 		strb	r3, [r0, #897]
 243              	.LVL22:
 244              		.loc 3 6 7 is_stmt 0 view .LVU45
 245              	.LBE11:
 246              	.LBE10:
 247              	.LBB12:
 248              	.LBI12:
ARM GAS  /var/folders/5c/srt4fy4j1pd641bjfx75k5000000gn/T//ccmpBLmL.s 			page 6


 249              		.loc 3 6 7 is_stmt 1 view .LVU46
 250              	.LBB13:
 251 0014 80F8A936 		strb	r3, [r0, #1705]
 252              	.LVL23:
 253              		.loc 3 6 7 is_stmt 0 view .LVU47
 254              	.LBE13:
 255              	.LBE12:
 256              		.loc 1 4 80 view .LVU48
 257 0018 00F5D660 		add	r0, r0, #1712
 258              	.LVL24:
 259              		.loc 1 4 80 view .LVU49
 260 001c FFF7FEFF 		bl	_ZN5TimerC1Ev
 261              	.LVL25:
   5:src/unit/motor_drive.cpp ****       this->encoder_val_left_ = encoder_val_left;
 262              		.loc 1 5 7 is_stmt 1 view .LVU50
 263              		.loc 1 5 31 is_stmt 0 view .LVU51
 264 0020 039B     		ldr	r3, [sp, #12]
 265 0022 A365     		str	r3, [r4, #88]
   6:src/unit/motor_drive.cpp ****       this->encoder_val_right_ = encoder_val_right;
 266              		.loc 1 6 7 is_stmt 1 view .LVU52
 267              		.loc 1 6 32 is_stmt 0 view .LVU53
 268 0024 049B     		ldr	r3, [sp, #16]
 269 0026 E365     		str	r3, [r4, #92]
   7:src/unit/motor_drive.cpp ****       this->kp = 5;
 270              		.loc 1 7 7 is_stmt 1 view .LVU54
 271              		.loc 1 7 16 is_stmt 0 view .LVU55
 272 0028 04F5DE61 		add	r1, r4, #1776
 273 002c 0022     		movs	r2, #0
 274 002e 094B     		ldr	r3, .L19
 275 0030 C1E90023 		strd	r2, [r1]
   8:src/unit/motor_drive.cpp ****       this->ki = 5;
 276              		.loc 1 8 7 is_stmt 1 view .LVU56
 277              		.loc 1 8 16 is_stmt 0 view .LVU57
 278 0034 04F5E061 		add	r1, r4, #1792
 279 0038 41E90223 		strd	r2, [r1, #-8]
   9:src/unit/motor_drive.cpp **** 
  10:src/unit/motor_drive.cpp ****       speedLeft.SetLength(3);
 280              		.loc 1 10 7 is_stmt 1 view .LVU58
 281              		.loc 1 10 26 is_stmt 0 view .LVU59
 282 003c 0321     		movs	r1, #3
 283 003e 04F16000 		add	r0, r4, #96
 284 0042 FFF7FEFF 		bl	_ZN9MovingAve9SetLengthEh
 285              	.LVL26:
  11:src/unit/motor_drive.cpp ****       speedRight.SetLength(3);
 286              		.loc 1 11 7 is_stmt 1 view .LVU60
 287              		.loc 1 11 27 is_stmt 0 view .LVU61
 288 0046 0321     		movs	r1, #3
 289 0048 04F56270 		add	r0, r4, #904
 290 004c FFF7FEFF 		bl	_ZN9MovingAve9SetLengthEh
 291              	.LVL27:
 292              	.LBE9:
  12:src/unit/motor_drive.cpp **** }
 293              		.loc 1 12 1 view .LVU62
 294 0050 2046     		mov	r0, r4
 295 0052 10BD     		pop	{r4, pc}
 296              	.LVL28:
 297              	.L20:
ARM GAS  /var/folders/5c/srt4fy4j1pd641bjfx75k5000000gn/T//ccmpBLmL.s 			page 7


 298              		.loc 1 12 1 view .LVU63
 299              		.align	2
 300              	.L19:
 301 0054 00001440 		.word	1075052544
 302              		.cfi_endproc
 303              	.LFE252:
 304              		.fnend
 306              		.global	_ZN10MotorDriveC1EP12PwmSingleOutS1_S1_S1_PtS2_
 307              		.thumb_set _ZN10MotorDriveC1EP12PwmSingleOutS1_S1_S1_PtS2_,_ZN10MotorDriveC2EP12PwmSingleOutS1_S1_
 308              		.section	.text._ZN10MotorDrive4InitEv,"ax",%progbits
 309              		.align	1
 310              		.global	_ZN10MotorDrive4InitEv
 311              		.syntax unified
 312              		.thumb
 313              		.thumb_func
 315              	_ZN10MotorDrive4InitEv:
 316              		.fnstart
 317              	.LVL29:
 318              	.LFB254:
  13:src/unit/motor_drive.cpp **** 
  14:src/unit/motor_drive.cpp **** void MotorDrive::Init() {
 319              		.loc 1 14 25 is_stmt 1 view -0
 320              		.cfi_startproc
 321              		@ args = 0, pretend = 0, frame = 0
 322              		@ frame_needed = 0, uses_anonymous_args = 0
 323              		.loc 1 14 25 is_stmt 0 view .LVU65
 324 0000 10B5     		push	{r4, lr}
 325              		.save {r4, lr}
 326              	.LCFI3:
 327              		.cfi_def_cfa_offset 8
 328              		.cfi_offset 4, -8
 329              		.cfi_offset 14, -4
 330 0002 0446     		mov	r4, r0
  15:src/unit/motor_drive.cpp ****       motor1a_->init();
 331              		.loc 1 15 7 is_stmt 1 view .LVU66
 332              		.loc 1 15 21 is_stmt 0 view .LVU67
 333 0004 806C     		ldr	r0, [r0, #72]
 334              	.LVL30:
 335              		.loc 1 15 21 view .LVU68
 336 0006 FFF7FEFF 		bl	_ZN12PwmSingleOut4initEv
 337              	.LVL31:
  16:src/unit/motor_drive.cpp ****       motor1b_->init();
 338              		.loc 1 16 7 is_stmt 1 view .LVU69
 339              		.loc 1 16 21 is_stmt 0 view .LVU70
 340 000a E06C     		ldr	r0, [r4, #76]
 341 000c FFF7FEFF 		bl	_ZN12PwmSingleOut4initEv
 342              	.LVL32:
  17:src/unit/motor_drive.cpp ****       motor2a_->init();
 343              		.loc 1 17 7 is_stmt 1 view .LVU71
 344              		.loc 1 17 21 is_stmt 0 view .LVU72
 345 0010 206D     		ldr	r0, [r4, #80]
 346 0012 FFF7FEFF 		bl	_ZN12PwmSingleOut4initEv
 347              	.LVL33:
  18:src/unit/motor_drive.cpp ****       motor2b_->init();
 348              		.loc 1 18 7 is_stmt 1 view .LVU73
 349              		.loc 1 18 21 is_stmt 0 view .LVU74
 350 0016 606D     		ldr	r0, [r4, #84]
ARM GAS  /var/folders/5c/srt4fy4j1pd641bjfx75k5000000gn/T//ccmpBLmL.s 			page 8


 351 0018 FFF7FEFF 		bl	_ZN12PwmSingleOut4initEv
 352              	.LVL34:
  19:src/unit/motor_drive.cpp **** }
 353              		.loc 1 19 1 view .LVU75
 354 001c 10BD     		pop	{r4, pc}
 355              		.loc 1 19 1 view .LVU76
 356              		.cfi_endproc
 357              	.LFE254:
 358              		.fnend
 360              		.global	__aeabi_dcmpgt
 361              		.global	__aeabi_ddiv
 362              		.global	__aeabi_d2f
 363              		.section	.text._ZN10MotorDrive3RunEdd,"ax",%progbits
 364              		.align	1
 365              		.global	_ZN10MotorDrive3RunEdd
 366              		.syntax unified
 367              		.thumb
 368              		.thumb_func
 370              	_ZN10MotorDrive3RunEdd:
 371              		.fnstart
 372              	.LVL35:
 373              	.LFB257:
  20:src/unit/motor_drive.cpp **** 
  21:src/unit/motor_drive.cpp **** void MotorDrive::EncoderCompute() {
  22:src/unit/motor_drive.cpp ****       if (*encoder_val_left_ != 0 && *encoder_val_right_ != 0) {
  23:src/unit/motor_drive.cpp ****             // 最大値を求める
  24:src/unit/motor_drive.cpp ****             if (*encoder_val_left_ > encoder.max_val_left) encoder.max_val_left = *encoder_val_left
  25:src/unit/motor_drive.cpp ****             if (*encoder_val_right_ > encoder.max_val_right) encoder.max_val_right = *encoder_val_r
  26:src/unit/motor_drive.cpp ****             // radianに変換
  27:src/unit/motor_drive.cpp ****             encoder.rad_left = *encoder_val_left_ * (2 * PI / encoder.max_val_left);
  28:src/unit/motor_drive.cpp ****             encoder.rad_right = *encoder_val_right_ * (2 * PI / encoder.max_val_right);
  29:src/unit/motor_drive.cpp ****             SpeedControl();
  30:src/unit/motor_drive.cpp ****       }
  31:src/unit/motor_drive.cpp **** }
  32:src/unit/motor_drive.cpp **** 
  33:src/unit/motor_drive.cpp **** void MotorDrive::SpeedControl() {
  34:src/unit/motor_drive.cpp ****       if (encoder.pre_rad_left != encoder.rad_left || encoder.pre_rad_right != encoder.rad_right) {
  35:src/unit/motor_drive.cpp ****             dt = periodTimer.read_us() * 0.000001f;                                                
  36:src/unit/motor_drive.cpp ****             periodTimer.reset();
  37:src/unit/motor_drive.cpp **** 
  38:src/unit/motor_drive.cpp ****             // 角度の差を求める
  39:src/unit/motor_drive.cpp ****             encoder.dif_rad_left = encoder.rad_left - encoder.pre_rad_left;
  40:src/unit/motor_drive.cpp ****             encoder.dif_rad_right = encoder.rad_right - encoder.pre_rad_right;
  41:src/unit/motor_drive.cpp ****             encoder.pre_rad_left = encoder.rad_left;
  42:src/unit/motor_drive.cpp ****             encoder.pre_rad_right = encoder.rad_right;
  43:src/unit/motor_drive.cpp **** 
  44:src/unit/motor_drive.cpp ****             // PI以上変わった時に修正
  45:src/unit/motor_drive.cpp ****             if (abs(encoder.dif_rad_left) > PI) encoder.dif_rad_left -= 2 * PI * (abs(encoder.dif_r
  46:src/unit/motor_drive.cpp ****             if (abs(encoder.dif_rad_right) > PI) encoder.dif_rad_right -= 2 * PI * (abs(encoder.dif
  47:src/unit/motor_drive.cpp **** 
  48:src/unit/motor_drive.cpp ****             // rad/sに変換
  49:src/unit/motor_drive.cpp ****             encoder.speed_left = encoder.dif_rad_left / dt * -1;
  50:src/unit/motor_drive.cpp ****             encoder.speed_right = encoder.dif_rad_right / dt;
  51:src/unit/motor_drive.cpp ****             speedLeft.Compute(&encoder.speed_left);
  52:src/unit/motor_drive.cpp ****             speedRight.Compute(&encoder.speed_right);
  53:src/unit/motor_drive.cpp **** 
  54:src/unit/motor_drive.cpp ****             // PIの計算
ARM GAS  /var/folders/5c/srt4fy4j1pd641bjfx75k5000000gn/T//ccmpBLmL.s 			page 9


  55:src/unit/motor_drive.cpp ****             // 比例成分
  56:src/unit/motor_drive.cpp ****             p_left_ = encoder.speed_left - speed_left_;
  57:src/unit/motor_drive.cpp ****             p_right_ = encoder.speed_right - speed_right_;
  58:src/unit/motor_drive.cpp ****             // 積分成分
  59:src/unit/motor_drive.cpp ****             i_left_ += p_left_ * dt;
  60:src/unit/motor_drive.cpp ****             i_right_ += p_right_ * dt;
  61:src/unit/motor_drive.cpp ****             // 積分値の範囲制限
  62:src/unit/motor_drive.cpp ****             if (abs(i_left_ * ki) > 300) i_left_ = 300 / ki * (abs(i_left_) / i_left_);
  63:src/unit/motor_drive.cpp ****             if (abs(i_right_ * ki) > 300) i_right_ = 300 / ki * (abs(i_right_) / i_right_);
  64:src/unit/motor_drive.cpp ****             // speedが0に指定されたらi成分を減らしていく
  65:src/unit/motor_drive.cpp ****             if (speed_left_ == 0) i_left_ *= 0.5;
  66:src/unit/motor_drive.cpp ****             if (speed_right_ == 0) i_right_ *= 0.5;
  67:src/unit/motor_drive.cpp ****             // 合算
  68:src/unit/motor_drive.cpp ****             power_left_ = 0 - kp * p_left_ - ki * i_left_;
  69:src/unit/motor_drive.cpp ****             power_right_ = 0 - kp * p_right_ - ki * i_right_;
  70:src/unit/motor_drive.cpp **** 
  71:src/unit/motor_drive.cpp ****             // スピードが正の値であればパワーも正の値・これがなかったら
  72:src/unit/motor_drive.cpp ****             if (speed_left_ > 0 && power_left_ < 1) power_left_ = 1;
  73:src/unit/motor_drive.cpp ****             if (speed_right_ > 0 && power_right_ < 1) power_right_ = 1;
  74:src/unit/motor_drive.cpp ****             if (speed_left_ < 0 && power_left_ > -1) power_left_ = -1;
  75:src/unit/motor_drive.cpp ****             if (speed_right_ < 0 && power_right_ > -1) power_right_ = -1;
  76:src/unit/motor_drive.cpp **** 
  77:src/unit/motor_drive.cpp ****             Run(power_left_, power_right_);
  78:src/unit/motor_drive.cpp ****       }
  79:src/unit/motor_drive.cpp **** }
  80:src/unit/motor_drive.cpp **** 
  81:src/unit/motor_drive.cpp **** void MotorDrive::Run(double left, double right) {
 374              		.loc 1 81 49 is_stmt 1 view -0
 375              		.cfi_startproc
 376              		@ args = 0, pretend = 0, frame = 0
 377              		@ frame_needed = 0, uses_anonymous_args = 0
 378              		.loc 1 81 49 is_stmt 0 view .LVU78
 379 0000 2DE9F047 		push	{r4, r5, r6, r7, r8, r9, r10, lr}
 380              		.save {r4, r5, r6, r7, r8, r9, r10, lr}
 381              	.LCFI4:
 382              		.cfi_def_cfa_offset 32
 383              		.cfi_offset 4, -32
 384              		.cfi_offset 5, -28
 385              		.cfi_offset 6, -24
 386              		.cfi_offset 7, -20
 387              		.cfi_offset 8, -16
 388              		.cfi_offset 9, -12
 389              		.cfi_offset 10, -8
 390              		.cfi_offset 14, -4
 391 0004 8246     		mov	r10, r0
 392 0006 57EC106B 		vmov	r6, r7, d0
 393 000a 55EC114B 		vmov	r4, r5, d1
  82:src/unit/motor_drive.cpp ****       output_left = left;
 394              		.loc 1 82 7 is_stmt 1 view .LVU79
 395              		.loc 1 82 19 is_stmt 0 view .LVU80
 396 000e 00F5E063 		add	r3, r0, #1792
 397 0012 83ED000B 		vstr.64	d0, [r3]
  83:src/unit/motor_drive.cpp ****       output_right = right;
 398              		.loc 1 83 7 is_stmt 1 view .LVU81
 399              		.loc 1 83 20 is_stmt 0 view .LVU82
 400 0016 00F5E263 		add	r3, r0, #1808
 401 001a 03ED021B 		vstr.64	d1, [r3, #-8]
ARM GAS  /var/folders/5c/srt4fy4j1pd641bjfx75k5000000gn/T//ccmpBLmL.s 			page 10


  84:src/unit/motor_drive.cpp **** 
  85:src/unit/motor_drive.cpp ****       // 範囲保証
  86:src/unit/motor_drive.cpp ****       if (abs(output_left) > MAX_POWER) output_left = MAX_POWER * (abs(output_left) / output_left);
 402              		.loc 1 86 7 is_stmt 1 view .LVU83
 403              		.loc 1 86 11 is_stmt 0 view .LVU84
 404 001e 0022     		movs	r2, #0
 405 0020 0023     		movs	r3, #0
 406 0022 3046     		mov	r0, r6
 407              	.LVL36:
 408              		.loc 1 86 11 view .LVU85
 409 0024 3946     		mov	r1, r7
 410 0026 FFF7FEFF 		bl	__aeabi_dcmpgt
 411              	.LVL37:
 412              		.loc 1 86 11 view .LVU86
 413 002a 0028     		cmp	r0, #0
 414 002c 00F08480 		beq	.L45
 415 0030 B046     		mov	r8, r6
 416 0032 B946     		mov	r9, r7
 417              	.L24:
 418              		.loc 1 86 7 discriminator 4 view .LVU87
 419 0034 0022     		movs	r2, #0
 420 0036 624B     		ldr	r3, .L47+16
 421 0038 4046     		mov	r0, r8
 422 003a 4946     		mov	r1, r9
 423 003c FFF7FEFF 		bl	__aeabi_dcmpgt
 424              	.LVL38:
 425 0040 68B1     		cbz	r0, .L25
 426              		.loc 1 86 41 is_stmt 1 discriminator 9 view .LVU88
 427              		.loc 1 86 85 is_stmt 0 discriminator 9 view .LVU89
 428 0042 3246     		mov	r2, r6
 429 0044 3B46     		mov	r3, r7
 430 0046 4046     		mov	r0, r8
 431 0048 4946     		mov	r1, r9
 432 004a FFF7FEFF 		bl	__aeabi_ddiv
 433              	.LVL39:
 434              		.loc 1 86 65 discriminator 9 view .LVU90
 435 004e 0022     		movs	r2, #0
 436 0050 5B4B     		ldr	r3, .L47+16
 437 0052 FFF7FEFF 		bl	__aeabi_dmul
 438              	.LVL40:
 439              		.loc 1 86 53 discriminator 9 view .LVU91
 440 0056 0AF5E063 		add	r3, r10, #1792
 441 005a C3E90001 		strd	r0, [r3]
 442              	.L25:
  87:src/unit/motor_drive.cpp ****       if (abs(output_right) > MAX_POWER) output_right = MAX_POWER * (abs(output_right) / output_rig
 443              		.loc 1 87 7 is_stmt 1 view .LVU92
 444              		.loc 1 87 11 is_stmt 0 view .LVU93
 445 005e 0022     		movs	r2, #0
 446 0060 0023     		movs	r3, #0
 447 0062 2046     		mov	r0, r4
 448 0064 2946     		mov	r1, r5
 449 0066 FFF7FEFF 		bl	__aeabi_dcmpgt
 450              	.LVL41:
 451 006a 0028     		cmp	r0, #0
 452 006c 68D0     		beq	.L46
 453 006e 2646     		mov	r6, r4
 454              	.LVL42:
ARM GAS  /var/folders/5c/srt4fy4j1pd641bjfx75k5000000gn/T//ccmpBLmL.s 			page 11


 455              		.loc 1 87 11 view .LVU94
 456 0070 2F46     		mov	r7, r5
 457              	.L27:
 458              		.loc 1 87 7 discriminator 4 view .LVU95
 459 0072 0022     		movs	r2, #0
 460 0074 524B     		ldr	r3, .L47+16
 461 0076 3046     		mov	r0, r6
 462 0078 3946     		mov	r1, r7
 463 007a FFF7FEFF 		bl	__aeabi_dcmpgt
 464              	.LVL43:
 465 007e 68B1     		cbz	r0, .L28
 466              		.loc 1 87 42 is_stmt 1 discriminator 9 view .LVU96
 467              		.loc 1 87 88 is_stmt 0 discriminator 9 view .LVU97
 468 0080 2246     		mov	r2, r4
 469 0082 2B46     		mov	r3, r5
 470 0084 3046     		mov	r0, r6
 471 0086 3946     		mov	r1, r7
 472 0088 FFF7FEFF 		bl	__aeabi_ddiv
 473              	.LVL44:
 474              		.loc 1 87 67 discriminator 9 view .LVU98
 475 008c 0022     		movs	r2, #0
 476 008e 4C4B     		ldr	r3, .L47+16
 477 0090 FFF7FEFF 		bl	__aeabi_dmul
 478              	.LVL45:
 479              		.loc 1 87 55 discriminator 9 view .LVU99
 480 0094 0AF5E263 		add	r3, r10, #1808
 481 0098 43E90201 		strd	r0, [r3, #-8]
 482              	.L28:
  88:src/unit/motor_drive.cpp **** 
  89:src/unit/motor_drive.cpp ****       // 出力
  90:src/unit/motor_drive.cpp ****       Init();  // なぜか毎回PWMをリセットしないと動かない
 483              		.loc 1 90 7 is_stmt 1 view .LVU100
 484              		.loc 1 90 11 is_stmt 0 view .LVU101
 485 009c 5046     		mov	r0, r10
 486 009e FFF7FEFF 		bl	_ZN10MotorDrive4InitEv
 487              	.LVL46:
  91:src/unit/motor_drive.cpp ****       if (speed_left_ != 0) {
 488              		.loc 1 91 7 is_stmt 1 view .LVU102
 489              		.loc 1 91 11 is_stmt 0 view .LVU103
 490 00a2 BAF9B436 		ldrsh	r3, [r10, #1716]
 491              		.loc 1 91 7 view .LVU104
 492 00a6 0BB3     		cbz	r3, .L30
  92:src/unit/motor_drive.cpp ****             if (output_left > 0) {
 493              		.loc 1 92 13 is_stmt 1 view .LVU105
 494              		.loc 1 92 17 is_stmt 0 view .LVU106
 495 00a8 0AF5E063 		add	r3, r10, #1792
 496 00ac D3E90045 		ldrd	r4, [r3]
 497              	.LVL47:
 498              		.loc 1 92 13 view .LVU107
 499 00b0 0022     		movs	r2, #0
 500 00b2 0023     		movs	r3, #0
 501 00b4 2046     		mov	r0, r4
 502 00b6 2946     		mov	r1, r5
 503 00b8 FFF7FEFF 		bl	__aeabi_dcmpgt
 504              	.LVL48:
 505 00bc 0028     		cmp	r0, #0
 506 00be 43D0     		beq	.L42
ARM GAS  /var/folders/5c/srt4fy4j1pd641bjfx75k5000000gn/T//ccmpBLmL.s 			page 12


  93:src/unit/motor_drive.cpp ****                   motor1a_->write(output_left * 0.001f);
 507              		.loc 1 93 19 is_stmt 1 view .LVU108
 508 00c0 DAF84860 		ldr	r6, [r10, #72]
 509              		.loc 1 93 47 is_stmt 0 view .LVU109
 510 00c4 3AA3     		adr	r3, .L47
 511 00c6 D3E90023 		ldrd	r2, [r3]
 512 00ca 2046     		mov	r0, r4
 513 00cc 2946     		mov	r1, r5
 514 00ce FFF7FEFF 		bl	__aeabi_dmul
 515              	.LVL49:
 516              		.loc 1 93 34 view .LVU110
 517 00d2 FFF7FEFF 		bl	__aeabi_d2f
 518              	.LVL50:
 519 00d6 00EE100A 		vmov	s0, r0
 520 00da 3046     		mov	r0, r6
 521 00dc FFF7FEFF 		bl	_ZN12PwmSingleOut5writeEf
 522              	.LVL51:
  94:src/unit/motor_drive.cpp ****                   motor1b_->write(0);
 523              		.loc 1 94 19 is_stmt 1 view .LVU111
 524              		.loc 1 94 34 is_stmt 0 view .LVU112
 525 00e0 9FED380A 		vldr.32	s0, .L47+20
 526 00e4 DAF84C00 		ldr	r0, [r10, #76]
 527 00e8 FFF7FEFF 		bl	_ZN12PwmSingleOut5writeEf
 528              	.LVL52:
 529              	.L30:
  95:src/unit/motor_drive.cpp ****             } else {
  96:src/unit/motor_drive.cpp ****                   motor1a_->write(0);
  97:src/unit/motor_drive.cpp ****                   motor1b_->write(output_left * -0.001f);
  98:src/unit/motor_drive.cpp ****             }
  99:src/unit/motor_drive.cpp ****       }
 100:src/unit/motor_drive.cpp ****       if (speed_right_ != 0) {
 530              		.loc 1 100 7 is_stmt 1 view .LVU113
 531              		.loc 1 100 11 is_stmt 0 view .LVU114
 532 00ec BAF9B636 		ldrsh	r3, [r10, #1718]
 533              		.loc 1 100 7 view .LVU115
 534 00f0 03B3     		cbz	r3, .L23
 101:src/unit/motor_drive.cpp ****             if (output_right > 0) {
 535              		.loc 1 101 13 is_stmt 1 view .LVU116
 536              		.loc 1 101 17 is_stmt 0 view .LVU117
 537 00f2 0AF5E263 		add	r3, r10, #1808
 538 00f6 53E90245 		ldrd	r4, [r3, #-8]
 539              		.loc 1 101 13 view .LVU118
 540 00fa 0022     		movs	r2, #0
 541 00fc 0023     		movs	r3, #0
 542 00fe 2046     		mov	r0, r4
 543 0100 2946     		mov	r1, r5
 544 0102 FFF7FEFF 		bl	__aeabi_dcmpgt
 545              	.LVL53:
 546 0106 C0B3     		cbz	r0, .L43
 102:src/unit/motor_drive.cpp ****                   motor2a_->write(output_right * 0.001f);
 547              		.loc 1 102 19 is_stmt 1 view .LVU119
 548 0108 DAF85060 		ldr	r6, [r10, #80]
 549              		.loc 1 102 48 is_stmt 0 view .LVU120
 550 010c 28A3     		adr	r3, .L47
 551 010e D3E90023 		ldrd	r2, [r3]
 552 0112 2046     		mov	r0, r4
 553 0114 2946     		mov	r1, r5
ARM GAS  /var/folders/5c/srt4fy4j1pd641bjfx75k5000000gn/T//ccmpBLmL.s 			page 13


 554 0116 FFF7FEFF 		bl	__aeabi_dmul
 555              	.LVL54:
 556              		.loc 1 102 34 view .LVU121
 557 011a FFF7FEFF 		bl	__aeabi_d2f
 558              	.LVL55:
 559 011e 00EE100A 		vmov	s0, r0
 560 0122 3046     		mov	r0, r6
 561 0124 FFF7FEFF 		bl	_ZN12PwmSingleOut5writeEf
 562              	.LVL56:
 103:src/unit/motor_drive.cpp ****                   motor2b_->write(0);
 563              		.loc 1 103 19 is_stmt 1 view .LVU122
 564              		.loc 1 103 34 is_stmt 0 view .LVU123
 565 0128 9FED260A 		vldr.32	s0, .L47+20
 566 012c DAF85400 		ldr	r0, [r10, #84]
 567 0130 FFF7FEFF 		bl	_ZN12PwmSingleOut5writeEf
 568              	.LVL57:
 569              	.L23:
 104:src/unit/motor_drive.cpp ****             } else {
 105:src/unit/motor_drive.cpp ****                   motor2a_->write(0);
 106:src/unit/motor_drive.cpp ****                   motor2b_->write(output_right * -0.001f);
 107:src/unit/motor_drive.cpp ****             }
 108:src/unit/motor_drive.cpp ****       }
 109:src/unit/motor_drive.cpp **** }
 570              		.loc 1 109 1 view .LVU124
 571 0134 BDE8F087 		pop	{r4, r5, r6, r7, r8, r9, r10, pc}
 572              	.LVL58:
 573              	.L45:
  86:src/unit/motor_drive.cpp ****       if (abs(output_right) > MAX_POWER) output_right = MAX_POWER * (abs(output_right) / output_rig
 574              		.loc 1 86 11 discriminator 2 view .LVU125
 575 0138 B046     		mov	r8, r6
 576 013a 07F10049 		add	r9, r7, #-2147483648
 577 013e 79E7     		b	.L24
 578              	.L46:
  87:src/unit/motor_drive.cpp **** 
 579              		.loc 1 87 11 discriminator 2 view .LVU126
 580 0140 2646     		mov	r6, r4
 581              	.LVL59:
  87:src/unit/motor_drive.cpp **** 
 582              		.loc 1 87 11 discriminator 2 view .LVU127
 583 0142 05F10047 		add	r7, r5, #-2147483648
 584 0146 94E7     		b	.L27
 585              	.LVL60:
 586              	.L42:
  96:src/unit/motor_drive.cpp ****                   motor1b_->write(output_left * -0.001f);
 587              		.loc 1 96 19 is_stmt 1 view .LVU128
  96:src/unit/motor_drive.cpp ****                   motor1b_->write(output_left * -0.001f);
 588              		.loc 1 96 34 is_stmt 0 view .LVU129
 589 0148 9FED1E0A 		vldr.32	s0, .L47+20
 590 014c DAF84800 		ldr	r0, [r10, #72]
 591 0150 FFF7FEFF 		bl	_ZN12PwmSingleOut5writeEf
 592              	.LVL61:
  97:src/unit/motor_drive.cpp ****             }
 593              		.loc 1 97 19 is_stmt 1 view .LVU130
 594 0154 DAF84C40 		ldr	r4, [r10, #76]
  97:src/unit/motor_drive.cpp ****             }
 595              		.loc 1 97 35 is_stmt 0 view .LVU131
 596 0158 0AF5E061 		add	r1, r10, #1792
ARM GAS  /var/folders/5c/srt4fy4j1pd641bjfx75k5000000gn/T//ccmpBLmL.s 			page 14


  97:src/unit/motor_drive.cpp ****             }
 597              		.loc 1 97 47 view .LVU132
 598 015c 16A3     		adr	r3, .L47+8
 599 015e D3E90023 		ldrd	r2, [r3]
 600 0162 D1E90001 		ldrd	r0, [r1]
 601 0166 FFF7FEFF 		bl	__aeabi_dmul
 602              	.LVL62:
  97:src/unit/motor_drive.cpp ****             }
 603              		.loc 1 97 34 view .LVU133
 604 016a FFF7FEFF 		bl	__aeabi_d2f
 605              	.LVL63:
 606 016e 00EE100A 		vmov	s0, r0
 607 0172 2046     		mov	r0, r4
 608 0174 FFF7FEFF 		bl	_ZN12PwmSingleOut5writeEf
 609              	.LVL64:
 610 0178 B8E7     		b	.L30
 611              	.L43:
 105:src/unit/motor_drive.cpp ****                   motor2b_->write(output_right * -0.001f);
 612              		.loc 1 105 19 is_stmt 1 view .LVU134
 105:src/unit/motor_drive.cpp ****                   motor2b_->write(output_right * -0.001f);
 613              		.loc 1 105 34 is_stmt 0 view .LVU135
 614 017a 9FED120A 		vldr.32	s0, .L47+20
 615 017e DAF85000 		ldr	r0, [r10, #80]
 616 0182 FFF7FEFF 		bl	_ZN12PwmSingleOut5writeEf
 617              	.LVL65:
 106:src/unit/motor_drive.cpp ****             }
 618              		.loc 1 106 19 is_stmt 1 view .LVU136
 619 0186 DAF85440 		ldr	r4, [r10, #84]
 106:src/unit/motor_drive.cpp ****             }
 620              		.loc 1 106 35 is_stmt 0 view .LVU137
 621 018a 0AF5E26A 		add	r10, r10, #1808
 622              	.LVL66:
 106:src/unit/motor_drive.cpp ****             }
 623              		.loc 1 106 48 view .LVU138
 624 018e 0AA3     		adr	r3, .L47+8
 625 0190 D3E90023 		ldrd	r2, [r3]
 626 0194 5AE90201 		ldrd	r0, [r10, #-8]
 627 0198 FFF7FEFF 		bl	__aeabi_dmul
 628              	.LVL67:
 106:src/unit/motor_drive.cpp ****             }
 629              		.loc 1 106 34 view .LVU139
 630 019c FFF7FEFF 		bl	__aeabi_d2f
 631              	.LVL68:
 632 01a0 00EE100A 		vmov	s0, r0
 633 01a4 2046     		mov	r0, r4
 634 01a6 FFF7FEFF 		bl	_ZN12PwmSingleOut5writeEf
 635              	.LVL69:
 636              		.loc 1 109 1 view .LVU140
 637 01aa C3E7     		b	.L23
 638              	.L48:
 639 01ac AFF30080 		.align	3
 640              	.L47:
 641 01b0 000000E0 		.word	-536870912
 642 01b4 4D62503F 		.word	1062232653
 643 01b8 000000E0 		.word	-536870912
 644 01bc 4D6250BF 		.word	-1085250995
 645 01c0 00C08240 		.word	1082310656
ARM GAS  /var/folders/5c/srt4fy4j1pd641bjfx75k5000000gn/T//ccmpBLmL.s 			page 15


 646 01c4 00000000 		.word	0
 647              		.cfi_endproc
 648              	.LFE257:
 649              		.fnend
 651              		.global	__aeabi_dcmpeq
 652              		.global	__aeabi_dsub
 653              		.global	__aeabi_i2d
 654              		.global	__aeabi_dadd
 655              		.global	__aeabi_dcmplt
 656              		.section	.text._ZN10MotorDrive12SpeedControlEv,"ax",%progbits
 657              		.align	1
 658              		.global	_ZN10MotorDrive12SpeedControlEv
 659              		.syntax unified
 660              		.thumb
 661              		.thumb_func
 663              	_ZN10MotorDrive12SpeedControlEv:
 664              		.fnstart
 665              	.LVL70:
 666              	.LFB256:
  33:src/unit/motor_drive.cpp ****       if (encoder.pre_rad_left != encoder.rad_left || encoder.pre_rad_right != encoder.rad_right) {
 667              		.loc 1 33 33 is_stmt 1 view -0
 668              		.cfi_startproc
 669              		@ args = 0, pretend = 0, frame = 16
 670              		@ frame_needed = 0, uses_anonymous_args = 0
  33:src/unit/motor_drive.cpp ****       if (encoder.pre_rad_left != encoder.rad_left || encoder.pre_rad_right != encoder.rad_right) {
 671              		.loc 1 33 33 is_stmt 0 view .LVU142
 672 0000 2DE9F047 		push	{r4, r5, r6, r7, r8, r9, r10, lr}
 673              		.save {r4, r5, r6, r7, r8, r9, r10, lr}
 674              	.LCFI5:
 675              		.cfi_def_cfa_offset 32
 676              		.cfi_offset 4, -32
 677              		.cfi_offset 5, -28
 678              		.cfi_offset 6, -24
 679              		.cfi_offset 7, -20
 680              		.cfi_offset 8, -16
 681              		.cfi_offset 9, -12
 682              		.cfi_offset 10, -8
 683              		.cfi_offset 14, -4
 684 0004 2DED088B 		vpush.64	{d8, d9, d10, d11}
 685              		.vsave {d8, d9, d10, d11}
 686              	.LCFI6:
 687              		.cfi_def_cfa_offset 64
 688              		.cfi_offset 80, -64
 689              		.cfi_offset 81, -60
 690              		.cfi_offset 82, -56
 691              		.cfi_offset 83, -52
 692              		.cfi_offset 84, -48
 693              		.cfi_offset 85, -44
 694              		.cfi_offset 86, -40
 695              		.cfi_offset 87, -36
 696              		.pad #16
 697 0008 84B0     		sub	sp, sp, #16
 698              	.LCFI7:
 699              		.cfi_def_cfa_offset 80
 700 000a 8246     		mov	r10, r0
  34:src/unit/motor_drive.cpp ****             dt = periodTimer.read_us() * 0.000001f;                                                
 701              		.loc 1 34 7 is_stmt 1 view .LVU143
ARM GAS  /var/folders/5c/srt4fy4j1pd641bjfx75k5000000gn/T//ccmpBLmL.s 			page 16


 702 000c D0E90823 		ldrd	r2, [r0, #32]
 703 0010 D0E90401 		ldrd	r0, [r0, #16]
 704              	.LVL71:
  34:src/unit/motor_drive.cpp ****             dt = periodTimer.read_us() * 0.000001f;                                                
 705              		.loc 1 34 7 is_stmt 0 view .LVU144
 706 0014 FFF7FEFF 		bl	__aeabi_dcmpeq
 707              	.LVL72:
 708 0018 40B1     		cbz	r0, .L50
  34:src/unit/motor_drive.cpp ****             dt = periodTimer.read_us() * 0.000001f;                                                
 709              		.loc 1 34 52 discriminator 1 view .LVU145
 710 001a DAE90A23 		ldrd	r2, [r10, #40]
 711 001e DAE90601 		ldrd	r0, [r10, #24]
 712 0022 FFF7FEFF 		bl	__aeabi_dcmpeq
 713              	.LVL73:
 714 0026 0028     		cmp	r0, #0
 715 0028 40F00182 		bne	.L49
 716              	.L50:
  35:src/unit/motor_drive.cpp ****             periodTimer.reset();
 717              		.loc 1 35 13 is_stmt 1 view .LVU146
  35:src/unit/motor_drive.cpp ****             periodTimer.reset();
 718              		.loc 1 35 37 is_stmt 0 view .LVU147
 719 002c 0AF5D664 		add	r4, r10, #1712
 720 0030 2046     		mov	r0, r4
 721 0032 FFF7FEFF 		bl	_ZN5Timer7read_usEv
 722              	.LVL74:
 723 0036 07EE900A 		vmov	s15, r0	@ int
  35:src/unit/motor_drive.cpp ****             periodTimer.reset();
 724              		.loc 1 35 40 view .LVU148
 725 003a F8EE677A 		vcvt.f32.u32	s15, s15
 726 003e 9FEDC67A 		vldr.32	s14, .L100+24
 727 0042 67EE877A 		vmul.f32	s15, s15, s14
 728 0046 17EE900A 		vmov	r0, s15
 729 004a FFF7FEFF 		bl	__aeabi_f2d
 730              	.LVL75:
  35:src/unit/motor_drive.cpp ****             periodTimer.reset();
 731              		.loc 1 35 16 view .LVU149
 732 004e 0AF5DE63 		add	r3, r10, #1776
 733 0052 43E90201 		strd	r0, [r3, #-8]
  36:src/unit/motor_drive.cpp **** 
 734              		.loc 1 36 13 is_stmt 1 view .LVU150
  36:src/unit/motor_drive.cpp **** 
 735              		.loc 1 36 30 is_stmt 0 view .LVU151
 736 0056 2046     		mov	r0, r4
 737 0058 FFF7FEFF 		bl	_ZN5Timer5resetEv
 738              	.LVL76:
  39:src/unit/motor_drive.cpp ****             encoder.dif_rad_right = encoder.rad_right - encoder.pre_rad_right;
 739              		.loc 1 39 13 is_stmt 1 view .LVU152
  39:src/unit/motor_drive.cpp ****             encoder.dif_rad_right = encoder.rad_right - encoder.pre_rad_right;
 740              		.loc 1 39 44 is_stmt 0 view .LVU153
 741 005c 9AED088B 		vldr.64	d8, [r10, #32]
  39:src/unit/motor_drive.cpp ****             encoder.dif_rad_right = encoder.rad_right - encoder.pre_rad_right;
 742              		.loc 1 39 53 view .LVU154
 743 0060 DAE90423 		ldrd	r2, [r10, #16]
 744 0064 51EC180B 		vmov	r0, r1, d8
 745 0068 FFF7FEFF 		bl	__aeabi_dsub
 746              	.LVL77:
 747 006c 0646     		mov	r6, r0
ARM GAS  /var/folders/5c/srt4fy4j1pd641bjfx75k5000000gn/T//ccmpBLmL.s 			page 17


 748 006e 0F46     		mov	r7, r1
  39:src/unit/motor_drive.cpp ****             encoder.dif_rad_right = encoder.rad_right - encoder.pre_rad_right;
 749              		.loc 1 39 34 view .LVU155
 750 0070 CAE90C67 		strd	r6, [r10, #48]
  40:src/unit/motor_drive.cpp ****             encoder.pre_rad_left = encoder.rad_left;
 751              		.loc 1 40 13 is_stmt 1 view .LVU156
  40:src/unit/motor_drive.cpp ****             encoder.pre_rad_left = encoder.rad_left;
 752              		.loc 1 40 45 is_stmt 0 view .LVU157
 753 0074 DAE90A89 		ldrd	r8, [r10, #40]
  40:src/unit/motor_drive.cpp ****             encoder.pre_rad_left = encoder.rad_left;
 754              		.loc 1 40 55 view .LVU158
 755 0078 DAE90623 		ldrd	r2, [r10, #24]
 756 007c 4046     		mov	r0, r8
 757 007e 4946     		mov	r1, r9
 758 0080 FFF7FEFF 		bl	__aeabi_dsub
 759              	.LVL78:
 760 0084 0446     		mov	r4, r0
 761 0086 0D46     		mov	r5, r1
  40:src/unit/motor_drive.cpp ****             encoder.pre_rad_left = encoder.rad_left;
 762              		.loc 1 40 35 view .LVU159
 763 0088 CAE90E45 		strd	r4, [r10, #56]
  41:src/unit/motor_drive.cpp ****             encoder.pre_rad_right = encoder.rad_right;
 764              		.loc 1 41 13 is_stmt 1 view .LVU160
  41:src/unit/motor_drive.cpp ****             encoder.pre_rad_right = encoder.rad_right;
 765              		.loc 1 41 34 is_stmt 0 view .LVU161
 766 008c 8AED048B 		vstr.64	d8, [r10, #16]
  42:src/unit/motor_drive.cpp **** 
 767              		.loc 1 42 13 is_stmt 1 view .LVU162
  42:src/unit/motor_drive.cpp **** 
 768              		.loc 1 42 35 is_stmt 0 view .LVU163
 769 0090 CAE90689 		strd	r8, [r10, #24]
  45:src/unit/motor_drive.cpp ****             if (abs(encoder.dif_rad_right) > PI) encoder.dif_rad_right -= 2 * PI * (abs(encoder.dif
 770              		.loc 1 45 13 is_stmt 1 view .LVU164
  45:src/unit/motor_drive.cpp ****             if (abs(encoder.dif_rad_right) > PI) encoder.dif_rad_right -= 2 * PI * (abs(encoder.dif
 771              		.loc 1 45 17 is_stmt 0 view .LVU165
 772 0094 0022     		movs	r2, #0
 773 0096 0023     		movs	r3, #0
 774 0098 3046     		mov	r0, r6
 775 009a 3946     		mov	r1, r7
 776 009c FFF7FEFF 		bl	__aeabi_dcmpgt
 777              	.LVL79:
 778 00a0 0028     		cmp	r0, #0
 779 00a2 00F0C981 		beq	.L90
 780 00a6 B046     		mov	r8, r6
 781 00a8 B946     		mov	r9, r7
 782              	.L53:
  45:src/unit/motor_drive.cpp ****             if (abs(encoder.dif_rad_right) > PI) encoder.dif_rad_right -= 2 * PI * (abs(encoder.dif
 783              		.loc 1 45 13 discriminator 4 view .LVU166
 784 00aa A5A3     		adr	r3, .L100
 785 00ac D3E90023 		ldrd	r2, [r3]
 786 00b0 4046     		mov	r0, r8
 787 00b2 4946     		mov	r1, r9
 788 00b4 FFF7FEFF 		bl	__aeabi_dcmpgt
 789              	.LVL80:
 790 00b8 90B1     		cbz	r0, .L54
  45:src/unit/motor_drive.cpp ****             if (abs(encoder.dif_rad_right) > PI) encoder.dif_rad_right -= 2 * PI * (abs(encoder.dif
 791              		.loc 1 45 49 is_stmt 1 discriminator 9 view .LVU167
ARM GAS  /var/folders/5c/srt4fy4j1pd641bjfx75k5000000gn/T//ccmpBLmL.s 			page 18


  45:src/unit/motor_drive.cpp ****             if (abs(encoder.dif_rad_right) > PI) encoder.dif_rad_right -= 2 * PI * (abs(encoder.dif
 792              		.loc 1 45 109 is_stmt 0 discriminator 9 view .LVU168
 793 00ba 3246     		mov	r2, r6
 794 00bc 3B46     		mov	r3, r7
 795 00be 4046     		mov	r0, r8
 796 00c0 4946     		mov	r1, r9
 797 00c2 FFF7FEFF 		bl	__aeabi_ddiv
 798              	.LVL81:
  45:src/unit/motor_drive.cpp ****             if (abs(encoder.dif_rad_right) > PI) encoder.dif_rad_right -= 2 * PI * (abs(encoder.dif
 799              		.loc 1 45 80 discriminator 9 view .LVU169
 800 00c6 A0A3     		adr	r3, .L100+8
 801 00c8 D3E90023 		ldrd	r2, [r3]
 802 00cc FFF7FEFF 		bl	__aeabi_dmul
 803              	.LVL82:
 804 00d0 0246     		mov	r2, r0
 805 00d2 0B46     		mov	r3, r1
  45:src/unit/motor_drive.cpp ****             if (abs(encoder.dif_rad_right) > PI) encoder.dif_rad_right -= 2 * PI * (abs(encoder.dif
 806              		.loc 1 45 70 discriminator 9 view .LVU170
 807 00d4 3046     		mov	r0, r6
 808 00d6 3946     		mov	r1, r7
 809 00d8 FFF7FEFF 		bl	__aeabi_dsub
 810              	.LVL83:
 811 00dc CAE90C01 		strd	r0, [r10, #48]
 812              	.L54:
  46:src/unit/motor_drive.cpp **** 
 813              		.loc 1 46 13 is_stmt 1 view .LVU171
  46:src/unit/motor_drive.cpp **** 
 814              		.loc 1 46 17 is_stmt 0 view .LVU172
 815 00e0 0022     		movs	r2, #0
 816 00e2 0023     		movs	r3, #0
 817 00e4 2046     		mov	r0, r4
 818 00e6 2946     		mov	r1, r5
 819 00e8 FFF7FEFF 		bl	__aeabi_dcmpgt
 820              	.LVL84:
 821 00ec 0028     		cmp	r0, #0
 822 00ee 00F0A781 		beq	.L91
 823 00f2 2646     		mov	r6, r4
 824 00f4 2F46     		mov	r7, r5
 825              	.L56:
  46:src/unit/motor_drive.cpp **** 
 826              		.loc 1 46 13 discriminator 4 view .LVU173
 827 00f6 92A3     		adr	r3, .L100
 828 00f8 D3E90023 		ldrd	r2, [r3]
 829 00fc 3046     		mov	r0, r6
 830 00fe 3946     		mov	r1, r7
 831 0100 FFF7FEFF 		bl	__aeabi_dcmpgt
 832              	.LVL85:
 833 0104 90B1     		cbz	r0, .L57
  46:src/unit/motor_drive.cpp **** 
 834              		.loc 1 46 50 is_stmt 1 discriminator 9 view .LVU174
  46:src/unit/motor_drive.cpp **** 
 835              		.loc 1 46 112 is_stmt 0 discriminator 9 view .LVU175
 836 0106 2246     		mov	r2, r4
 837 0108 2B46     		mov	r3, r5
 838 010a 3046     		mov	r0, r6
 839 010c 3946     		mov	r1, r7
 840 010e FFF7FEFF 		bl	__aeabi_ddiv
ARM GAS  /var/folders/5c/srt4fy4j1pd641bjfx75k5000000gn/T//ccmpBLmL.s 			page 19


 841              	.LVL86:
  46:src/unit/motor_drive.cpp **** 
 842              		.loc 1 46 82 discriminator 9 view .LVU176
 843 0112 8DA3     		adr	r3, .L100+8
 844 0114 D3E90023 		ldrd	r2, [r3]
 845 0118 FFF7FEFF 		bl	__aeabi_dmul
 846              	.LVL87:
 847 011c 0246     		mov	r2, r0
 848 011e 0B46     		mov	r3, r1
  46:src/unit/motor_drive.cpp **** 
 849              		.loc 1 46 72 discriminator 9 view .LVU177
 850 0120 2046     		mov	r0, r4
 851 0122 2946     		mov	r1, r5
 852 0124 FFF7FEFF 		bl	__aeabi_dsub
 853              	.LVL88:
 854 0128 CAE90E01 		strd	r0, [r10, #56]
 855              	.L57:
  49:src/unit/motor_drive.cpp ****             encoder.speed_right = encoder.dif_rad_right / dt;
 856              		.loc 1 49 13 is_stmt 1 view .LVU178
  49:src/unit/motor_drive.cpp ****             encoder.speed_right = encoder.dif_rad_right / dt;
 857              		.loc 1 49 57 is_stmt 0 view .LVU179
 858 012c 0AF5DE64 		add	r4, r10, #1776
 859 0130 54E90267 		ldrd	r6, [r4, #-8]
  49:src/unit/motor_drive.cpp ****             encoder.speed_right = encoder.dif_rad_right / dt;
 860              		.loc 1 49 55 view .LVU180
 861 0134 3246     		mov	r2, r6
 862 0136 3B46     		mov	r3, r7
 863 0138 DAE90C01 		ldrd	r0, [r10, #48]
 864 013c FFF7FEFF 		bl	__aeabi_ddiv
 865              	.LVL89:
  49:src/unit/motor_drive.cpp ****             encoder.speed_right = encoder.dif_rad_right / dt;
 866              		.loc 1 49 60 view .LVU181
 867 0140 0246     		mov	r2, r0
 868 0142 01F10043 		add	r3, r1, #-2147483648
  49:src/unit/motor_drive.cpp ****             encoder.speed_right = encoder.dif_rad_right / dt;
 869              		.loc 1 49 32 view .LVU182
 870 0146 CAE90023 		strd	r2, [r10]
  50:src/unit/motor_drive.cpp ****             speedLeft.Compute(&encoder.speed_left);
 871              		.loc 1 50 13 is_stmt 1 view .LVU183
  50:src/unit/motor_drive.cpp ****             speedLeft.Compute(&encoder.speed_left);
 872              		.loc 1 50 57 is_stmt 0 view .LVU184
 873 014a 3246     		mov	r2, r6
 874 014c 3B46     		mov	r3, r7
 875 014e DAE90E01 		ldrd	r0, [r10, #56]
 876 0152 FFF7FEFF 		bl	__aeabi_ddiv
 877              	.LVL90:
  50:src/unit/motor_drive.cpp ****             speedLeft.Compute(&encoder.speed_left);
 878              		.loc 1 50 33 view .LVU185
 879 0156 CAE90201 		strd	r0, [r10, #8]
  51:src/unit/motor_drive.cpp ****             speedRight.Compute(&encoder.speed_right);
 880              		.loc 1 51 13 is_stmt 1 view .LVU186
  51:src/unit/motor_drive.cpp ****             speedRight.Compute(&encoder.speed_right);
 881              		.loc 1 51 30 is_stmt 0 view .LVU187
 882 015a 5146     		mov	r1, r10
 883 015c 0AF16000 		add	r0, r10, #96
 884 0160 FFF7FEFF 		bl	_ZN9MovingAve7ComputeEPd
 885              	.LVL91:
ARM GAS  /var/folders/5c/srt4fy4j1pd641bjfx75k5000000gn/T//ccmpBLmL.s 			page 20


  52:src/unit/motor_drive.cpp **** 
 886              		.loc 1 52 13 is_stmt 1 view .LVU188
  52:src/unit/motor_drive.cpp **** 
 887              		.loc 1 52 31 is_stmt 0 view .LVU189
 888 0164 0AF10801 		add	r1, r10, #8
 889 0168 0AF56270 		add	r0, r10, #904
 890 016c FFF7FEFF 		bl	_ZN9MovingAve7ComputeEPd
 891              	.LVL92:
  56:src/unit/motor_drive.cpp ****             p_right_ = encoder.speed_right - speed_right_;
 892              		.loc 1 56 13 is_stmt 1 view .LVU190
  56:src/unit/motor_drive.cpp ****             p_right_ = encoder.speed_right - speed_right_;
 893              		.loc 1 56 31 is_stmt 0 view .LVU191
 894 0170 DAE90067 		ldrd	r6, [r10]
  56:src/unit/motor_drive.cpp ****             p_right_ = encoder.speed_right - speed_right_;
 895              		.loc 1 56 44 view .LVU192
 896 0174 BAF9B496 		ldrsh	r9, [r10, #1716]
  56:src/unit/motor_drive.cpp ****             p_right_ = encoder.speed_right - speed_right_;
 897              		.loc 1 56 42 view .LVU193
 898 0178 4846     		mov	r0, r9
 899 017a FFF7FEFF 		bl	__aeabi_i2d
 900              	.LVL93:
 901 017e 0246     		mov	r2, r0
 902 0180 0B46     		mov	r3, r1
 903 0182 3046     		mov	r0, r6
 904 0184 3946     		mov	r1, r7
 905 0186 FFF7FEFF 		bl	__aeabi_dsub
 906              	.LVL94:
 907 018a 41EC190B 		vmov	d9, r0, r1
  56:src/unit/motor_drive.cpp ****             p_right_ = encoder.speed_right - speed_right_;
 908              		.loc 1 56 21 view .LVU194
 909 018e 0AF5DA65 		add	r5, r10, #1744
 910 0192 45E90201 		strd	r0, [r5, #-8]
  57:src/unit/motor_drive.cpp ****             // 積分成分
 911              		.loc 1 57 13 is_stmt 1 view .LVU195
  57:src/unit/motor_drive.cpp ****             // 積分成分
 912              		.loc 1 57 32 is_stmt 0 view .LVU196
 913 0196 DAE90267 		ldrd	r6, [r10, #8]
  57:src/unit/motor_drive.cpp ****             // 積分成分
 914              		.loc 1 57 46 view .LVU197
 915 019a BAF9B686 		ldrsh	r8, [r10, #1718]
  57:src/unit/motor_drive.cpp ****             // 積分成分
 916              		.loc 1 57 44 view .LVU198
 917 019e 4046     		mov	r0, r8
 918 01a0 FFF7FEFF 		bl	__aeabi_i2d
 919              	.LVL95:
 920 01a4 0246     		mov	r2, r0
 921 01a6 0B46     		mov	r3, r1
 922 01a8 3046     		mov	r0, r6
 923 01aa 3946     		mov	r1, r7
 924 01ac FFF7FEFF 		bl	__aeabi_dsub
 925              	.LVL96:
 926 01b0 41EC180B 		vmov	d8, r0, r1
  57:src/unit/motor_drive.cpp ****             // 積分成分
 927              		.loc 1 57 22 view .LVU199
 928 01b4 C5E90001 		strd	r0, [r5]
  59:src/unit/motor_drive.cpp ****             i_right_ += p_right_ * dt;
 929              		.loc 1 59 13 is_stmt 1 view .LVU200
ARM GAS  /var/folders/5c/srt4fy4j1pd641bjfx75k5000000gn/T//ccmpBLmL.s 			page 21


 930 01b8 0AF5DC66 		add	r6, r10, #1760
 931 01bc 16ED02AB 		vldr.64	d10, [r6, #-8]
  59:src/unit/motor_drive.cpp ****             i_right_ += p_right_ * dt;
 932              		.loc 1 59 34 is_stmt 0 view .LVU201
 933 01c0 14ED027B 		vldr.64	d7, [r4, #-8]
 934 01c4 B0EE47BA 		vmov.f32	s22, s14
 935 01c8 F0EE67BA 		vmov.f32	s23, s15
  59:src/unit/motor_drive.cpp ****             i_right_ += p_right_ * dt;
 936              		.loc 1 59 32 view .LVU202
 937 01cc 53EC172B 		vmov	r2, r3, d7
 938 01d0 51EC190B 		vmov	r0, r1, d9
 939 01d4 FFF7FEFF 		bl	__aeabi_dmul
 940              	.LVL97:
 941 01d8 0246     		mov	r2, r0
 942 01da 0B46     		mov	r3, r1
  59:src/unit/motor_drive.cpp ****             i_right_ += p_right_ * dt;
 943              		.loc 1 59 21 view .LVU203
 944 01dc 51EC1A0B 		vmov	r0, r1, d10
 945 01e0 FFF7FEFF 		bl	__aeabi_dadd
 946              	.LVL98:
 947 01e4 0446     		mov	r4, r0
 948 01e6 0D46     		mov	r5, r1
 949 01e8 46E90245 		strd	r4, [r6, #-8]
  60:src/unit/motor_drive.cpp ****             // 積分値の範囲制限
 950              		.loc 1 60 13 is_stmt 1 view .LVU204
 951 01ec 96ED00AB 		vldr.64	d10, [r6]
  60:src/unit/motor_drive.cpp ****             // 積分値の範囲制限
 952              		.loc 1 60 34 is_stmt 0 view .LVU205
 953 01f0 53EC1B2B 		vmov	r2, r3, d11
 954 01f4 51EC180B 		vmov	r0, r1, d8
 955 01f8 FFF7FEFF 		bl	__aeabi_dmul
 956              	.LVL99:
 957 01fc 0246     		mov	r2, r0
 958 01fe 0B46     		mov	r3, r1
  60:src/unit/motor_drive.cpp ****             // 積分値の範囲制限
 959              		.loc 1 60 22 view .LVU206
 960 0200 51EC1A0B 		vmov	r0, r1, d10
 961 0204 FFF7FEFF 		bl	__aeabi_dadd
 962              	.LVL100:
 963 0208 CDE90201 		strd	r0, [sp, #8]
 964 020c C6E90001 		strd	r0, [r6]
  62:src/unit/motor_drive.cpp ****             if (abs(i_right_ * ki) > 300) i_right_ = 300 / ki * (abs(i_right_) / i_right_);
 965              		.loc 1 62 13 is_stmt 1 view .LVU207
  62:src/unit/motor_drive.cpp ****             if (abs(i_right_ * ki) > 300) i_right_ = 300 / ki * (abs(i_right_) / i_right_);
 966              		.loc 1 62 17 is_stmt 0 view .LVU208
 967 0210 0AF5E063 		add	r3, r10, #1792
 968 0214 13ED027B 		vldr.64	d7, [r3, #-8]
 969 0218 8DED007B 		vstr.64	d7, [sp]
 970 021c 53EC172B 		vmov	r2, r3, d7
 971 0220 2046     		mov	r0, r4
 972 0222 2946     		mov	r1, r5
 973 0224 FFF7FEFF 		bl	__aeabi_dmul
 974              	.LVL101:
 975 0228 0646     		mov	r6, r0
 976 022a 0F46     		mov	r7, r1
 977 022c 0022     		movs	r2, #0
 978 022e 0023     		movs	r3, #0
ARM GAS  /var/folders/5c/srt4fy4j1pd641bjfx75k5000000gn/T//ccmpBLmL.s 			page 22


 979 0230 FFF7FEFF 		bl	__aeabi_dcmpgt
 980              	.LVL102:
 981 0234 0028     		cmp	r0, #0
 982 0236 00F00781 		beq	.L92
 983              	.L59:
  62:src/unit/motor_drive.cpp ****             if (abs(i_right_ * ki) > 300) i_right_ = 300 / ki * (abs(i_right_) / i_right_);
 984              		.loc 1 62 13 discriminator 4 view .LVU209
 985 023a 45A3     		adr	r3, .L100+16
 986 023c D3E90023 		ldrd	r2, [r3]
 987 0240 3046     		mov	r0, r6
 988 0242 3946     		mov	r1, r7
 989 0244 FFF7FEFF 		bl	__aeabi_dcmpgt
 990              	.LVL103:
 991 0248 08B3     		cbz	r0, .L60
  62:src/unit/motor_drive.cpp ****             if (abs(i_right_ * ki) > 300) i_right_ = 300 / ki * (abs(i_right_) / i_right_);
 992              		.loc 1 62 42 is_stmt 1 discriminator 5 view .LVU210
  62:src/unit/motor_drive.cpp ****             if (abs(i_right_ * ki) > 300) i_right_ = 300 / ki * (abs(i_right_) / i_right_);
 993              		.loc 1 62 56 is_stmt 0 discriminator 5 view .LVU211
 994 024a DDE90023 		ldrd	r2, [sp]
 995 024e 40A1     		adr	r1, .L100+16
 996 0250 D1E90001 		ldrd	r0, [r1]
 997 0254 FFF7FEFF 		bl	__aeabi_ddiv
 998              	.LVL104:
 999 0258 0646     		mov	r6, r0
 1000 025a 0F46     		mov	r7, r1
  62:src/unit/motor_drive.cpp ****             if (abs(i_right_ * ki) > 300) i_right_ = 300 / ki * (abs(i_right_) / i_right_);
 1001              		.loc 1 62 64 discriminator 5 view .LVU212
 1002 025c 0022     		movs	r2, #0
 1003 025e 0023     		movs	r3, #0
 1004 0260 2046     		mov	r0, r4
 1005 0262 2946     		mov	r1, r5
 1006 0264 FFF7FEFF 		bl	__aeabi_dcmpgt
 1007              	.LVL105:
 1008 0268 0028     		cmp	r0, #0
 1009 026a 00F0F180 		beq	.L93
  62:src/unit/motor_drive.cpp ****             if (abs(i_right_ * ki) > 300) i_right_ = 300 / ki * (abs(i_right_) / i_right_);
 1010              		.loc 1 62 64 view .LVU213
 1011 026e 2046     		mov	r0, r4
 1012 0270 2946     		mov	r1, r5
 1013              	.L62:
  62:src/unit/motor_drive.cpp ****             if (abs(i_right_ * ki) > 300) i_right_ = 300 / ki * (abs(i_right_) / i_right_);
 1014              		.loc 1 62 77 discriminator 9 view .LVU214
 1015 0272 2246     		mov	r2, r4
 1016 0274 2B46     		mov	r3, r5
 1017 0276 FFF7FEFF 		bl	__aeabi_ddiv
 1018              	.LVL106:
 1019 027a 0246     		mov	r2, r0
 1020 027c 0B46     		mov	r3, r1
  62:src/unit/motor_drive.cpp ****             if (abs(i_right_ * ki) > 300) i_right_ = 300 / ki * (abs(i_right_) / i_right_);
 1021              		.loc 1 62 61 discriminator 9 view .LVU215
 1022 027e 3046     		mov	r0, r6
 1023 0280 3946     		mov	r1, r7
 1024 0282 FFF7FEFF 		bl	__aeabi_dmul
 1025              	.LVL107:
  62:src/unit/motor_drive.cpp ****             if (abs(i_right_ * ki) > 300) i_right_ = 300 / ki * (abs(i_right_) / i_right_);
 1026              		.loc 1 62 50 discriminator 9 view .LVU216
 1027 0286 0AF5DC63 		add	r3, r10, #1760
ARM GAS  /var/folders/5c/srt4fy4j1pd641bjfx75k5000000gn/T//ccmpBLmL.s 			page 23


 1028 028a 43E90201 		strd	r0, [r3, #-8]
 1029              	.L60:
  63:src/unit/motor_drive.cpp ****             // speedが0に指定されたらi成分を減らしていく
 1030              		.loc 1 63 13 is_stmt 1 view .LVU217
  63:src/unit/motor_drive.cpp ****             // speedが0に指定されたらi成分を減らしていく
 1031              		.loc 1 63 17 is_stmt 0 view .LVU218
 1032 028e DDE90023 		ldrd	r2, [sp]
 1033 0292 DDE90201 		ldrd	r0, [sp, #8]
 1034 0296 FFF7FEFF 		bl	__aeabi_dmul
 1035              	.LVL108:
 1036 029a 0446     		mov	r4, r0
 1037 029c 0D46     		mov	r5, r1
 1038 029e 0022     		movs	r2, #0
 1039 02a0 0023     		movs	r3, #0
 1040 02a2 FFF7FEFF 		bl	__aeabi_dcmpgt
 1041              	.LVL109:
 1042 02a6 0028     		cmp	r0, #0
 1043 02a8 00F0D680 		beq	.L94
 1044              	.L63:
  63:src/unit/motor_drive.cpp ****             // speedが0に指定されたらi成分を減らしていく
 1045              		.loc 1 63 13 discriminator 4 view .LVU219
 1046 02ac 28A3     		adr	r3, .L100+16
 1047 02ae D3E90023 		ldrd	r2, [r3]
 1048 02b2 2046     		mov	r0, r4
 1049 02b4 2946     		mov	r1, r5
 1050 02b6 FFF7FEFF 		bl	__aeabi_dcmpgt
 1051              	.LVL110:
 1052 02ba 18B3     		cbz	r0, .L64
  63:src/unit/motor_drive.cpp ****             // speedが0に指定されたらi成分を減らしていく
 1053              		.loc 1 63 43 is_stmt 1 discriminator 5 view .LVU220
  63:src/unit/motor_drive.cpp ****             // speedが0に指定されたらi成分を減らしていく
 1054              		.loc 1 63 58 is_stmt 0 discriminator 5 view .LVU221
 1055 02bc DDE90023 		ldrd	r2, [sp]
 1056 02c0 23A1     		adr	r1, .L100+16
 1057 02c2 D1E90001 		ldrd	r0, [r1]
 1058 02c6 FFF7FEFF 		bl	__aeabi_ddiv
 1059              	.LVL111:
 1060 02ca 0446     		mov	r4, r0
 1061 02cc 0D46     		mov	r5, r1
  63:src/unit/motor_drive.cpp ****             // speedが0に指定されたらi成分を減らしていく
 1062              		.loc 1 63 66 discriminator 5 view .LVU222
 1063 02ce 0022     		movs	r2, #0
 1064 02d0 0023     		movs	r3, #0
 1065 02d2 DDE90267 		ldrd	r6, [sp, #8]
 1066 02d6 3046     		mov	r0, r6
 1067 02d8 3946     		mov	r1, r7
 1068 02da FFF7FEFF 		bl	__aeabi_dcmpgt
 1069              	.LVL112:
 1070 02de 0028     		cmp	r0, #0
 1071 02e0 00F0BE80 		beq	.L95
  63:src/unit/motor_drive.cpp ****             // speedが0に指定されたらi成分を減らしていく
 1072              		.loc 1 63 66 view .LVU223
 1073 02e4 DDE90201 		ldrd	r0, [sp, #8]
 1074              	.L66:
  63:src/unit/motor_drive.cpp ****             // speedが0に指定されたらi成分を減らしていく
 1075              		.loc 1 63 80 discriminator 9 view .LVU224
 1076 02e8 DDE90223 		ldrd	r2, [sp, #8]
ARM GAS  /var/folders/5c/srt4fy4j1pd641bjfx75k5000000gn/T//ccmpBLmL.s 			page 24


 1077 02ec FFF7FEFF 		bl	__aeabi_ddiv
 1078              	.LVL113:
 1079 02f0 0246     		mov	r2, r0
 1080 02f2 0B46     		mov	r3, r1
  63:src/unit/motor_drive.cpp ****             // speedが0に指定されたらi成分を減らしていく
 1081              		.loc 1 63 63 discriminator 9 view .LVU225
 1082 02f4 2046     		mov	r0, r4
 1083 02f6 2946     		mov	r1, r5
 1084 02f8 FFF7FEFF 		bl	__aeabi_dmul
 1085              	.LVL114:
  63:src/unit/motor_drive.cpp ****             // speedが0に指定されたらi成分を減らしていく
 1086              		.loc 1 63 52 discriminator 9 view .LVU226
 1087 02fc 0AF5DC63 		add	r3, r10, #1760
 1088 0300 C3E90001 		strd	r0, [r3]
 1089              	.L64:
  65:src/unit/motor_drive.cpp ****             if (speed_right_ == 0) i_right_ *= 0.5;
 1090              		.loc 1 65 13 is_stmt 1 view .LVU227
 1091 0304 B9F1000F 		cmp	r9, #0
 1092 0308 09D1     		bne	.L67
  65:src/unit/motor_drive.cpp ****             if (speed_right_ == 0) i_right_ *= 0.5;
 1093              		.loc 1 65 35 discriminator 1 view .LVU228
 1094 030a 0AF5DC64 		add	r4, r10, #1760
  65:src/unit/motor_drive.cpp ****             if (speed_right_ == 0) i_right_ *= 0.5;
 1095              		.loc 1 65 43 is_stmt 0 discriminator 1 view .LVU229
 1096 030e 0022     		movs	r2, #0
 1097 0310 124B     		ldr	r3, .L100+28
 1098 0312 54E90201 		ldrd	r0, [r4, #-8]
 1099 0316 FFF7FEFF 		bl	__aeabi_dmul
 1100              	.LVL115:
 1101 031a 44E90201 		strd	r0, [r4, #-8]
 1102              	.L67:
  66:src/unit/motor_drive.cpp ****             // 合算
 1103              		.loc 1 66 13 is_stmt 1 view .LVU230
 1104 031e B8F1000F 		cmp	r8, #0
 1105 0322 1DD1     		bne	.L68
  66:src/unit/motor_drive.cpp ****             // 合算
 1106              		.loc 1 66 36 discriminator 1 view .LVU231
 1107 0324 0AF5DC64 		add	r4, r10, #1760
  66:src/unit/motor_drive.cpp ****             // 合算
 1108              		.loc 1 66 45 is_stmt 0 discriminator 1 view .LVU232
 1109 0328 0022     		movs	r2, #0
 1110 032a 0C4B     		ldr	r3, .L100+28
 1111 032c D4E90001 		ldrd	r0, [r4]
 1112 0330 FFF7FEFF 		bl	__aeabi_dmul
 1113              	.LVL116:
 1114 0334 C4E90001 		strd	r0, [r4]
 1115 0338 12E0     		b	.L101
 1116              	.L102:
 1117 033a 00BFAFF3 		.align	3
 1117      0080
 1118              	.L100:
 1119 0340 182D4454 		.word	1413754136
 1120 0344 FB210940 		.word	1074340347
 1121 0348 182D4454 		.word	1413754136
 1122 034c FB211940 		.word	1075388923
 1123 0350 00000000 		.word	0
 1124 0354 00C07240 		.word	1081262080
ARM GAS  /var/folders/5c/srt4fy4j1pd641bjfx75k5000000gn/T//ccmpBLmL.s 			page 25


 1125 0358 BD378635 		.word	897988541
 1126 035c 0000E03F 		.word	1071644672
 1127              	.L101:
 1128              	.L68:
  68:src/unit/motor_drive.cpp ****             power_right_ = 0 - kp * p_right_ - ki * i_right_;
 1129              		.loc 1 68 13 is_stmt 1 view .LVU233
  68:src/unit/motor_drive.cpp ****             power_right_ = 0 - kp * p_right_ - ki * i_right_;
 1130              		.loc 1 68 31 is_stmt 0 view .LVU234
 1131 0360 0AF5DE63 		add	r3, r10, #1776
 1132 0364 D3E90045 		ldrd	r4, [r3]
  68:src/unit/motor_drive.cpp ****             power_right_ = 0 - kp * p_right_ - ki * i_right_;
 1133              		.loc 1 68 34 view .LVU235
 1134 0368 2246     		mov	r2, r4
 1135 036a 2B46     		mov	r3, r5
 1136 036c 51EC190B 		vmov	r0, r1, d9
 1137 0370 FFF7FEFF 		bl	__aeabi_dmul
 1138              	.LVL117:
 1139 0374 0246     		mov	r2, r0
 1140 0376 0B46     		mov	r3, r1
  68:src/unit/motor_drive.cpp ****             power_right_ = 0 - kp * p_right_ - ki * i_right_;
 1141              		.loc 1 68 29 view .LVU236
 1142 0378 0020     		movs	r0, #0
 1143 037a 0021     		movs	r1, #0
 1144 037c FFF7FEFF 		bl	__aeabi_dsub
 1145              	.LVL118:
 1146 0380 CDE90201 		strd	r0, [sp, #8]
  68:src/unit/motor_drive.cpp ****             power_right_ = 0 - kp * p_right_ - ki * i_right_;
 1147              		.loc 1 68 51 view .LVU237
 1148 0384 0AF5DC66 		add	r6, r10, #1760
  68:src/unit/motor_drive.cpp ****             power_right_ = 0 - kp * p_right_ - ki * i_right_;
 1149              		.loc 1 68 49 view .LVU238
 1150 0388 56E90223 		ldrd	r2, [r6, #-8]
 1151 038c DDE90001 		ldrd	r0, [sp]
 1152 0390 FFF7FEFF 		bl	__aeabi_dmul
 1153              	.LVL119:
 1154 0394 0246     		mov	r2, r0
 1155 0396 0B46     		mov	r3, r1
  68:src/unit/motor_drive.cpp ****             power_right_ = 0 - kp * p_right_ - ki * i_right_;
 1156              		.loc 1 68 44 view .LVU239
 1157 0398 DDE90201 		ldrd	r0, [sp, #8]
 1158 039c FFF7FEFF 		bl	__aeabi_dsub
 1159              	.LVL120:
 1160 03a0 41EC190B 		vmov	d9, r0, r1
  68:src/unit/motor_drive.cpp ****             power_right_ = 0 - kp * p_right_ - ki * i_right_;
 1161              		.loc 1 68 25 view .LVU240
 1162 03a4 0AF5D867 		add	r7, r10, #1728
 1163 03a8 47E90201 		strd	r0, [r7, #-8]
  69:src/unit/motor_drive.cpp **** 
 1164              		.loc 1 69 13 is_stmt 1 view .LVU241
  69:src/unit/motor_drive.cpp **** 
 1165              		.loc 1 69 35 is_stmt 0 view .LVU242
 1166 03ac 2246     		mov	r2, r4
 1167 03ae 2B46     		mov	r3, r5
 1168 03b0 51EC180B 		vmov	r0, r1, d8
 1169 03b4 FFF7FEFF 		bl	__aeabi_dmul
 1170              	.LVL121:
 1171 03b8 0246     		mov	r2, r0
ARM GAS  /var/folders/5c/srt4fy4j1pd641bjfx75k5000000gn/T//ccmpBLmL.s 			page 26


 1172 03ba 0B46     		mov	r3, r1
  69:src/unit/motor_drive.cpp **** 
 1173              		.loc 1 69 30 view .LVU243
 1174 03bc 0020     		movs	r0, #0
 1175 03be 0021     		movs	r1, #0
 1176 03c0 FFF7FEFF 		bl	__aeabi_dsub
 1177              	.LVL122:
 1178 03c4 0446     		mov	r4, r0
 1179 03c6 0D46     		mov	r5, r1
  69:src/unit/motor_drive.cpp **** 
 1180              		.loc 1 69 51 view .LVU244
 1181 03c8 D6E90023 		ldrd	r2, [r6]
 1182 03cc DDE90001 		ldrd	r0, [sp]
 1183 03d0 FFF7FEFF 		bl	__aeabi_dmul
 1184              	.LVL123:
 1185 03d4 0246     		mov	r2, r0
 1186 03d6 0B46     		mov	r3, r1
  69:src/unit/motor_drive.cpp **** 
 1187              		.loc 1 69 46 view .LVU245
 1188 03d8 2046     		mov	r0, r4
 1189 03da 2946     		mov	r1, r5
 1190 03dc FFF7FEFF 		bl	__aeabi_dsub
 1191              	.LVL124:
 1192 03e0 0446     		mov	r4, r0
 1193 03e2 0D46     		mov	r5, r1
  69:src/unit/motor_drive.cpp **** 
 1194              		.loc 1 69 26 view .LVU246
 1195 03e4 C7E90045 		strd	r4, [r7]
  72:src/unit/motor_drive.cpp ****             if (speed_right_ > 0 && power_right_ < 1) power_right_ = 1;
 1196              		.loc 1 72 13 is_stmt 1 view .LVU247
 1197 03e8 B9F1000F 		cmp	r9, #0
 1198 03ec 06DD     		ble	.L69
  72:src/unit/motor_drive.cpp ****             if (speed_right_ > 0 && power_right_ < 1) power_right_ = 1;
 1199              		.loc 1 72 33 is_stmt 0 discriminator 1 view .LVU248
 1200 03ee 0022     		movs	r2, #0
 1201 03f0 344B     		ldr	r3, .L103
 1202 03f2 51EC190B 		vmov	r0, r1, d9
 1203 03f6 FFF7FEFF 		bl	__aeabi_dcmplt
 1204              	.LVL125:
 1205 03fa A8BB     		cbnz	r0, .L96
 1206              	.L69:
  73:src/unit/motor_drive.cpp ****             if (speed_left_ < 0 && power_left_ > -1) power_left_ = -1;
 1207              		.loc 1 73 13 is_stmt 1 view .LVU249
 1208 03fc B8F1000F 		cmp	r8, #0
 1209 0400 06DD     		ble	.L71
  73:src/unit/motor_drive.cpp ****             if (speed_left_ < 0 && power_left_ > -1) power_left_ = -1;
 1210              		.loc 1 73 34 is_stmt 0 discriminator 1 view .LVU250
 1211 0402 0022     		movs	r2, #0
 1212 0404 2F4B     		ldr	r3, .L103
 1213 0406 2046     		mov	r0, r4
 1214 0408 2946     		mov	r1, r5
 1215 040a FFF7FEFF 		bl	__aeabi_dcmplt
 1216              	.LVL126:
 1217 040e 80BB     		cbnz	r0, .L97
 1218              	.L71:
  74:src/unit/motor_drive.cpp ****             if (speed_right_ < 0 && power_right_ > -1) power_right_ = -1;
 1219              		.loc 1 74 13 is_stmt 1 view .LVU251
ARM GAS  /var/folders/5c/srt4fy4j1pd641bjfx75k5000000gn/T//ccmpBLmL.s 			page 27


 1220 0410 B9F1000F 		cmp	r9, #0
 1221 0414 34DB     		blt	.L98
 1222              	.L73:
  75:src/unit/motor_drive.cpp **** 
 1223              		.loc 1 75 13 view .LVU252
 1224 0416 B8F1000F 		cmp	r8, #0
 1225 041a 42DB     		blt	.L99
 1226              	.L75:
  77:src/unit/motor_drive.cpp ****       }
 1227              		.loc 1 77 13 view .LVU253
  77:src/unit/motor_drive.cpp ****       }
 1228              		.loc 1 77 16 is_stmt 0 view .LVU254
 1229 041c 0AF5D863 		add	r3, r10, #1728
 1230 0420 93ED001B 		vldr.64	d1, [r3]
 1231 0424 13ED020B 		vldr.64	d0, [r3, #-8]
 1232 0428 5046     		mov	r0, r10
 1233 042a FFF7FEFF 		bl	_ZN10MotorDrive3RunEdd
 1234              	.LVL127:
 1235              	.L49:
  79:src/unit/motor_drive.cpp **** 
 1236              		.loc 1 79 1 view .LVU255
 1237 042e 04B0     		add	sp, sp, #16
 1238              	.LCFI8:
 1239              		.cfi_remember_state
 1240              		.cfi_def_cfa_offset 64
 1241              		@ sp needed
 1242 0430 BDEC088B 		vldm	sp!, {d8-d11}
 1243              	.LCFI9:
 1244              		.cfi_restore 86
 1245              		.cfi_restore 87
 1246              		.cfi_restore 84
 1247              		.cfi_restore 85
 1248              		.cfi_restore 82
 1249              		.cfi_restore 83
 1250              		.cfi_restore 80
 1251              		.cfi_restore 81
 1252              		.cfi_def_cfa_offset 32
 1253 0434 BDE8F087 		pop	{r4, r5, r6, r7, r8, r9, r10, pc}
 1254              	.LVL128:
 1255              	.L90:
 1256              	.LCFI10:
 1257              		.cfi_restore_state
  45:src/unit/motor_drive.cpp ****             if (abs(encoder.dif_rad_right) > PI) encoder.dif_rad_right -= 2 * PI * (abs(encoder.dif
 1258              		.loc 1 45 17 discriminator 2 view .LVU256
 1259 0438 B046     		mov	r8, r6
 1260 043a 07F10049 		add	r9, r7, #-2147483648
 1261 043e 34E6     		b	.L53
 1262              	.L91:
  46:src/unit/motor_drive.cpp **** 
 1263              		.loc 1 46 17 discriminator 2 view .LVU257
 1264 0440 2646     		mov	r6, r4
 1265 0442 05F10047 		add	r7, r5, #-2147483648
 1266 0446 56E6     		b	.L56
 1267              	.L92:
  62:src/unit/motor_drive.cpp ****             if (abs(i_right_ * ki) > 300) i_right_ = 300 / ki * (abs(i_right_) / i_right_);
 1268              		.loc 1 62 17 discriminator 2 view .LVU258
 1269 0448 07F10043 		add	r3, r7, #-2147483648
ARM GAS  /var/folders/5c/srt4fy4j1pd641bjfx75k5000000gn/T//ccmpBLmL.s 			page 28


 1270 044c 1F46     		mov	r7, r3
 1271 044e F4E6     		b	.L59
 1272              	.L93:
  62:src/unit/motor_drive.cpp ****             if (abs(i_right_ * ki) > 300) i_right_ = 300 / ki * (abs(i_right_) / i_right_);
 1273              		.loc 1 62 64 discriminator 7 view .LVU259
 1274 0450 2046     		mov	r0, r4
 1275 0452 05F10041 		add	r1, r5, #-2147483648
 1276 0456 0CE7     		b	.L62
 1277              	.L94:
  63:src/unit/motor_drive.cpp ****             // speedが0に指定されたらi成分を減らしていく
 1278              		.loc 1 63 17 discriminator 2 view .LVU260
 1279 0458 05F10043 		add	r3, r5, #-2147483648
 1280 045c 1D46     		mov	r5, r3
 1281 045e 25E7     		b	.L63
 1282              	.L95:
  63:src/unit/motor_drive.cpp ****             // speedが0に指定されたらi成分を減らしていく
 1283              		.loc 1 63 66 discriminator 7 view .LVU261
 1284 0460 3046     		mov	r0, r6
 1285 0462 07F10041 		add	r1, r7, #-2147483648
 1286 0466 3FE7     		b	.L66
 1287              	.L96:
  72:src/unit/motor_drive.cpp ****             if (speed_right_ > 0 && power_right_ < 1) power_right_ = 1;
 1288              		.loc 1 72 53 is_stmt 1 discriminator 2 view .LVU262
  72:src/unit/motor_drive.cpp ****             if (speed_right_ > 0 && power_right_ < 1) power_right_ = 1;
 1289              		.loc 1 72 65 is_stmt 0 discriminator 2 view .LVU263
 1290 0468 0020     		movs	r0, #0
 1291 046a 1649     		ldr	r1, .L103
 1292 046c 47E90201 		strd	r0, [r7, #-8]
 1293 0470 C4E7     		b	.L69
 1294              	.L97:
  73:src/unit/motor_drive.cpp ****             if (speed_left_ < 0 && power_left_ > -1) power_left_ = -1;
 1295              		.loc 1 73 55 is_stmt 1 discriminator 2 view .LVU264
  73:src/unit/motor_drive.cpp ****             if (speed_left_ < 0 && power_left_ > -1) power_left_ = -1;
 1296              		.loc 1 73 68 is_stmt 0 discriminator 2 view .LVU265
 1297 0472 0AF5D863 		add	r3, r10, #1728
 1298 0476 0020     		movs	r0, #0
 1299 0478 1249     		ldr	r1, .L103
 1300 047a C3E90001 		strd	r0, [r3]
 1301 047e C7E7     		b	.L71
 1302              	.L98:
  74:src/unit/motor_drive.cpp ****             if (speed_right_ < 0 && power_right_ > -1) power_right_ = -1;
 1303              		.loc 1 74 36 discriminator 1 view .LVU266
 1304 0480 0AF5D861 		add	r1, r10, #1728
  74:src/unit/motor_drive.cpp ****             if (speed_right_ < 0 && power_right_ > -1) power_right_ = -1;
 1305              		.loc 1 74 33 discriminator 1 view .LVU267
 1306 0484 0022     		movs	r2, #0
 1307 0486 104B     		ldr	r3, .L103+4
 1308 0488 51E90201 		ldrd	r0, [r1, #-8]
 1309 048c FFF7FEFF 		bl	__aeabi_dcmpgt
 1310              	.LVL129:
 1311 0490 0028     		cmp	r0, #0
 1312 0492 C0D0     		beq	.L73
  74:src/unit/motor_drive.cpp ****             if (speed_right_ < 0 && power_right_ > -1) power_right_ = -1;
 1313              		.loc 1 74 54 is_stmt 1 discriminator 2 view .LVU268
  74:src/unit/motor_drive.cpp ****             if (speed_right_ < 0 && power_right_ > -1) power_right_ = -1;
 1314              		.loc 1 74 66 is_stmt 0 discriminator 2 view .LVU269
 1315 0494 0AF5D863 		add	r3, r10, #1728
ARM GAS  /var/folders/5c/srt4fy4j1pd641bjfx75k5000000gn/T//ccmpBLmL.s 			page 29


 1316 0498 0020     		movs	r0, #0
 1317 049a 0B49     		ldr	r1, .L103+4
 1318 049c 43E90201 		strd	r0, [r3, #-8]
 1319 04a0 B9E7     		b	.L73
 1320              	.L99:
  75:src/unit/motor_drive.cpp **** 
 1321              		.loc 1 75 37 discriminator 1 view .LVU270
 1322 04a2 0AF5D861 		add	r1, r10, #1728
  75:src/unit/motor_drive.cpp **** 
 1323              		.loc 1 75 34 discriminator 1 view .LVU271
 1324 04a6 0022     		movs	r2, #0
 1325 04a8 074B     		ldr	r3, .L103+4
 1326 04aa D1E90001 		ldrd	r0, [r1]
 1327 04ae FFF7FEFF 		bl	__aeabi_dcmpgt
 1328              	.LVL130:
 1329 04b2 0028     		cmp	r0, #0
 1330 04b4 B2D0     		beq	.L75
  75:src/unit/motor_drive.cpp **** 
 1331              		.loc 1 75 56 is_stmt 1 discriminator 2 view .LVU272
  75:src/unit/motor_drive.cpp **** 
 1332              		.loc 1 75 69 is_stmt 0 discriminator 2 view .LVU273
 1333 04b6 0AF5D863 		add	r3, r10, #1728
 1334 04ba 0020     		movs	r0, #0
 1335 04bc 0249     		ldr	r1, .L103+4
 1336 04be C3E90001 		strd	r0, [r3]
 1337 04c2 ABE7     		b	.L75
 1338              	.L104:
 1339              		.align	2
 1340              	.L103:
 1341 04c4 0000F03F 		.word	1072693248
 1342 04c8 0000F0BF 		.word	-1074790400
 1343              		.cfi_endproc
 1344              	.LFE256:
 1345              		.fnend
 1347              		.section	.text._ZN10MotorDrive14EncoderComputeEv,"ax",%progbits
 1348              		.align	1
 1349              		.global	_ZN10MotorDrive14EncoderComputeEv
 1350              		.syntax unified
 1351              		.thumb
 1352              		.thumb_func
 1354              	_ZN10MotorDrive14EncoderComputeEv:
 1355              		.fnstart
 1356              	.LVL131:
 1357              	.LFB255:
  21:src/unit/motor_drive.cpp ****       if (*encoder_val_left_ != 0 && *encoder_val_right_ != 0) {
 1358              		.loc 1 21 35 is_stmt 1 view -0
 1359              		.cfi_startproc
 1360              		@ args = 0, pretend = 0, frame = 0
 1361              		@ frame_needed = 0, uses_anonymous_args = 0
  22:src/unit/motor_drive.cpp ****             // 最大値を求める
 1362              		.loc 1 22 7 view .LVU275
  22:src/unit/motor_drive.cpp ****             // 最大値を求める
 1363              		.loc 1 22 12 is_stmt 0 view .LVU276
 1364 0000 826D     		ldr	r2, [r0, #88]
  22:src/unit/motor_drive.cpp ****             // 最大値を求める
 1365              		.loc 1 22 11 view .LVU277
 1366 0002 1388     		ldrh	r3, [r2]
ARM GAS  /var/folders/5c/srt4fy4j1pd641bjfx75k5000000gn/T//ccmpBLmL.s 			page 30


  22:src/unit/motor_drive.cpp ****             // 最大値を求める
 1367              		.loc 1 22 7 view .LVU278
 1368 0004 002B     		cmp	r3, #0
 1369 0006 47D0     		beq	.L110
  21:src/unit/motor_drive.cpp ****       if (*encoder_val_left_ != 0 && *encoder_val_right_ != 0) {
 1370              		.loc 1 21 35 discriminator 1 view .LVU279
 1371 0008 2DE9F041 		push	{r4, r5, r6, r7, r8, lr}
 1372              		.save {r4, r5, r6, r7, r8, lr}
 1373              	.LCFI11:
 1374              		.cfi_def_cfa_offset 24
 1375              		.cfi_offset 4, -24
 1376              		.cfi_offset 5, -20
 1377              		.cfi_offset 6, -16
 1378              		.cfi_offset 7, -12
 1379              		.cfi_offset 8, -8
 1380              		.cfi_offset 14, -4
 1381 000c 0446     		mov	r4, r0
  22:src/unit/motor_drive.cpp ****             // 最大値を求める
 1382              		.loc 1 22 39 discriminator 1 view .LVU280
 1383 000e C56D     		ldr	r5, [r0, #92]
  22:src/unit/motor_drive.cpp ****             // 最大値を求める
 1384              		.loc 1 22 38 discriminator 1 view .LVU281
 1385 0010 2988     		ldrh	r1, [r5]
  22:src/unit/motor_drive.cpp ****             // 最大値を求める
 1386              		.loc 1 22 35 discriminator 1 view .LVU282
 1387 0012 0029     		cmp	r1, #0
 1388 0014 3ED0     		beq	.L105
  24:src/unit/motor_drive.cpp ****             if (*encoder_val_right_ > encoder.max_val_right) encoder.max_val_right = *encoder_val_r
 1389              		.loc 1 24 13 is_stmt 1 view .LVU283
  24:src/unit/motor_drive.cpp ****             if (*encoder_val_right_ > encoder.max_val_right) encoder.max_val_right = *encoder_val_r
 1390              		.loc 1 24 46 is_stmt 0 view .LVU284
 1391 0016 B0F84010 		ldrh	r1, [r0, #64]
  24:src/unit/motor_drive.cpp ****             if (*encoder_val_right_ > encoder.max_val_right) encoder.max_val_right = *encoder_val_r
 1392              		.loc 1 24 13 view .LVU285
 1393 001a 8B42     		cmp	r3, r1
 1394 001c 01D9     		bls	.L107
  24:src/unit/motor_drive.cpp ****             if (*encoder_val_right_ > encoder.max_val_right) encoder.max_val_right = *encoder_val_r
 1395              		.loc 1 24 60 is_stmt 1 discriminator 1 view .LVU286
  24:src/unit/motor_drive.cpp ****             if (*encoder_val_right_ > encoder.max_val_right) encoder.max_val_right = *encoder_val_r
 1396              		.loc 1 24 81 is_stmt 0 discriminator 1 view .LVU287
 1397 001e A0F84030 		strh	r3, [r0, #64]	@ movhi
 1398              	.L107:
  25:src/unit/motor_drive.cpp ****             // radianに変換
 1399              		.loc 1 25 13 is_stmt 1 view .LVU288
  25:src/unit/motor_drive.cpp ****             // radianに変換
 1400              		.loc 1 25 17 is_stmt 0 view .LVU289
 1401 0022 2B88     		ldrh	r3, [r5]
  25:src/unit/motor_drive.cpp ****             // radianに変換
 1402              		.loc 1 25 47 view .LVU290
 1403 0024 B4F84210 		ldrh	r1, [r4, #66]
  25:src/unit/motor_drive.cpp ****             // radianに変換
 1404              		.loc 1 25 13 view .LVU291
 1405 0028 8B42     		cmp	r3, r1
 1406 002a 01D9     		bls	.L108
  25:src/unit/motor_drive.cpp ****             // radianに変換
 1407              		.loc 1 25 62 is_stmt 1 discriminator 1 view .LVU292
  25:src/unit/motor_drive.cpp ****             // radianに変換
ARM GAS  /var/folders/5c/srt4fy4j1pd641bjfx75k5000000gn/T//ccmpBLmL.s 			page 31


 1408              		.loc 1 25 84 is_stmt 0 discriminator 1 view .LVU293
 1409 002c A4F84230 		strh	r3, [r4, #66]	@ movhi
 1410              	.L108:
  27:src/unit/motor_drive.cpp ****             encoder.rad_right = *encoder_val_right_ * (2 * PI / encoder.max_val_right);
 1411              		.loc 1 27 13 is_stmt 1 view .LVU294
  27:src/unit/motor_drive.cpp ****             encoder.rad_right = *encoder_val_right_ * (2 * PI / encoder.max_val_right);
 1412              		.loc 1 27 32 is_stmt 0 view .LVU295
 1413 0030 B2F80080 		ldrh	r8, [r2]
  27:src/unit/motor_drive.cpp ****             encoder.rad_right = *encoder_val_right_ * (2 * PI / encoder.max_val_right);
 1414              		.loc 1 27 61 view .LVU296
 1415 0034 B4F84000 		ldrh	r0, [r4, #64]
 1416              	.LVL132:
  27:src/unit/motor_drive.cpp ****             encoder.rad_right = *encoder_val_right_ * (2 * PI / encoder.max_val_right);
 1417              		.loc 1 27 61 view .LVU297
 1418 0038 FFF7FEFF 		bl	__aeabi_i2d
 1419              	.LVL133:
 1420 003c 0246     		mov	r2, r0
 1421 003e 0B46     		mov	r3, r1
 1422 0040 17A1     		adr	r1, .L113
 1423 0042 D1E90001 		ldrd	r0, [r1]
 1424 0046 FFF7FEFF 		bl	__aeabi_ddiv
 1425              	.LVL134:
 1426 004a 0646     		mov	r6, r0
 1427 004c 0F46     		mov	r7, r1
  27:src/unit/motor_drive.cpp ****             encoder.rad_right = *encoder_val_right_ * (2 * PI / encoder.max_val_right);
 1428              		.loc 1 27 51 view .LVU298
 1429 004e 4046     		mov	r0, r8
 1430 0050 FFF7FEFF 		bl	__aeabi_i2d
 1431              	.LVL135:
 1432 0054 3246     		mov	r2, r6
 1433 0056 3B46     		mov	r3, r7
 1434 0058 FFF7FEFF 		bl	__aeabi_dmul
 1435              	.LVL136:
  27:src/unit/motor_drive.cpp ****             encoder.rad_right = *encoder_val_right_ * (2 * PI / encoder.max_val_right);
 1436              		.loc 1 27 30 view .LVU299
 1437 005c C4E90801 		strd	r0, [r4, #32]
  28:src/unit/motor_drive.cpp ****             SpeedControl();
 1438              		.loc 1 28 13 is_stmt 1 view .LVU300
  28:src/unit/motor_drive.cpp ****             SpeedControl();
 1439              		.loc 1 28 33 is_stmt 0 view .LVU301
 1440 0060 2D88     		ldrh	r5, [r5]
  28:src/unit/motor_drive.cpp ****             SpeedControl();
 1441              		.loc 1 28 63 view .LVU302
 1442 0062 B4F84200 		ldrh	r0, [r4, #66]
 1443 0066 FFF7FEFF 		bl	__aeabi_i2d
 1444              	.LVL137:
 1445 006a 0246     		mov	r2, r0
 1446 006c 0B46     		mov	r3, r1
 1447 006e 0CA1     		adr	r1, .L113
 1448 0070 D1E90001 		ldrd	r0, [r1]
 1449 0074 FFF7FEFF 		bl	__aeabi_ddiv
 1450              	.LVL138:
 1451 0078 0646     		mov	r6, r0
 1452 007a 0F46     		mov	r7, r1
  28:src/unit/motor_drive.cpp ****             SpeedControl();
 1453              		.loc 1 28 53 view .LVU303
 1454 007c 2846     		mov	r0, r5
ARM GAS  /var/folders/5c/srt4fy4j1pd641bjfx75k5000000gn/T//ccmpBLmL.s 			page 32


 1455 007e FFF7FEFF 		bl	__aeabi_i2d
 1456              	.LVL139:
 1457 0082 3246     		mov	r2, r6
 1458 0084 3B46     		mov	r3, r7
 1459 0086 FFF7FEFF 		bl	__aeabi_dmul
 1460              	.LVL140:
  28:src/unit/motor_drive.cpp ****             SpeedControl();
 1461              		.loc 1 28 31 view .LVU304
 1462 008a C4E90A01 		strd	r0, [r4, #40]
  29:src/unit/motor_drive.cpp ****       }
 1463              		.loc 1 29 13 is_stmt 1 view .LVU305
  29:src/unit/motor_drive.cpp ****       }
 1464              		.loc 1 29 25 is_stmt 0 view .LVU306
 1465 008e 2046     		mov	r0, r4
 1466 0090 FFF7FEFF 		bl	_ZN10MotorDrive12SpeedControlEv
 1467              	.LVL141:
 1468              	.L105:
  31:src/unit/motor_drive.cpp **** 
 1469              		.loc 1 31 1 view .LVU307
 1470 0094 BDE8F081 		pop	{r4, r5, r6, r7, r8, pc}
 1471              	.LVL142:
 1472              	.L110:
 1473              	.LCFI12:
 1474              		.cfi_def_cfa_offset 0
 1475              		.cfi_restore 4
 1476              		.cfi_restore 5
 1477              		.cfi_restore 6
 1478              		.cfi_restore 7
 1479              		.cfi_restore 8
 1480              		.cfi_restore 14
  31:src/unit/motor_drive.cpp **** 
 1481              		.loc 1 31 1 view .LVU308
 1482 0098 7047     		bx	lr
 1483              	.L114:
 1484 009a 00BFAFF3 		.align	3
 1484      0080
 1485              	.L113:
 1486 00a0 182D4454 		.word	1413754136
 1487 00a4 FB211940 		.word	1075388923
 1488              		.cfi_endproc
 1489              	.LFE255:
 1490              		.fnend
 1492              		.section	.text._ZN10MotorDrive5DriveEss,"ax",%progbits
 1493              		.align	1
 1494              		.global	_ZN10MotorDrive5DriveEss
 1495              		.syntax unified
 1496              		.thumb
 1497              		.thumb_func
 1499              	_ZN10MotorDrive5DriveEss:
 1500              		.fnstart
 1501              	.LVL143:
 1502              	.LFB258:
 110:src/unit/motor_drive.cpp **** 
 111:src/unit/motor_drive.cpp **** void MotorDrive::Drive(int16_t left, int16_t right) {
 1503              		.loc 1 111 53 is_stmt 1 view -0
 1504              		.cfi_startproc
 1505              		@ args = 0, pretend = 0, frame = 0
ARM GAS  /var/folders/5c/srt4fy4j1pd641bjfx75k5000000gn/T//ccmpBLmL.s 			page 33


 1506              		@ frame_needed = 0, uses_anonymous_args = 0
 1507              		@ link register save eliminated.
 112:src/unit/motor_drive.cpp ****       speed_left_ = left;
 1508              		.loc 1 112 7 view .LVU310
 1509              		.loc 1 112 19 is_stmt 0 view .LVU311
 1510 0000 A0F8B416 		strh	r1, [r0, #1716]	@ movhi
 113:src/unit/motor_drive.cpp ****       speed_right_ = right;
 1511              		.loc 1 113 7 is_stmt 1 view .LVU312
 1512              		.loc 1 113 20 is_stmt 0 view .LVU313
 1513 0004 A0F8B626 		strh	r2, [r0, #1718]	@ movhi
 114:src/unit/motor_drive.cpp ****       // スピードの範囲保証
 115:src/unit/motor_drive.cpp ****       if (abs(speed_left_) > MAX_POWER) speed_left_ = MAX_POWER * (abs(speed_left_) / speed_left_);
 1514              		.loc 1 115 7 is_stmt 1 view .LVU314
 1515              		.loc 1 115 11 is_stmt 0 view .LVU315
 1516 0008 81EAE173 		eor	r3, r1, r1, asr #31
 1517 000c A3EBE173 		sub	r3, r3, r1, asr #31
 1518 0010 9BB2     		uxth	r3, r3
 1519              		.loc 1 115 7 view .LVU316
 1520 0012 B3F5167F 		cmp	r3, #600
 1521 0016 08D9     		bls	.L116
 1522              		.loc 1 115 41 is_stmt 1 discriminator 1 view .LVU317
 1523              		.loc 1 115 85 is_stmt 0 discriminator 1 view .LVU318
 1524 0018 93FBF1F3 		sdiv	r3, r3, r1
 1525              		.loc 1 115 53 discriminator 1 view .LVU319
 1526 001c 03EB8303 		add	r3, r3, r3, lsl #2
 1527 0020 C3EB0313 		rsb	r3, r3, r3, lsl #4
 1528 0024 DB00     		lsls	r3, r3, #3
 1529 0026 A0F8B436 		strh	r3, [r0, #1716]	@ movhi
 1530              	.L116:
 116:src/unit/motor_drive.cpp ****       if (abs(speed_right_) > MAX_POWER) speed_right_ = MAX_POWER * (abs(speed_right_) / speed_righ
 1531              		.loc 1 116 7 is_stmt 1 view .LVU320
 1532              		.loc 1 116 11 is_stmt 0 view .LVU321
 1533 002a 82EAE273 		eor	r3, r2, r2, asr #31
 1534 002e A3EBE273 		sub	r3, r3, r2, asr #31
 1535 0032 9BB2     		uxth	r3, r3
 1536              		.loc 1 116 7 view .LVU322
 1537 0034 B3F5167F 		cmp	r3, #600
 1538 0038 08D9     		bls	.L115
 1539              		.loc 1 116 42 is_stmt 1 discriminator 1 view .LVU323
 1540              		.loc 1 116 88 is_stmt 0 discriminator 1 view .LVU324
 1541 003a 93FBF2F3 		sdiv	r3, r3, r2
 1542              		.loc 1 116 55 discriminator 1 view .LVU325
 1543 003e 03EB8303 		add	r3, r3, r3, lsl #2
 1544 0042 C3EB0313 		rsb	r3, r3, r3, lsl #4
 1545 0046 DB00     		lsls	r3, r3, #3
 1546 0048 A0F8B636 		strh	r3, [r0, #1718]	@ movhi
 1547              	.L115:
 117:src/unit/motor_drive.cpp **** }
 1548              		.loc 1 117 1 view .LVU326
 1549 004c 7047     		bx	lr
 1550              		.cfi_endproc
 1551              	.LFE258:
 1552              		.cantunwind
 1553              		.fnend
 1555              		.section	.text._ZN10MotorDrive5BrakeEv,"ax",%progbits
 1556              		.align	1
 1557              		.global	_ZN10MotorDrive5BrakeEv
ARM GAS  /var/folders/5c/srt4fy4j1pd641bjfx75k5000000gn/T//ccmpBLmL.s 			page 34


 1558              		.syntax unified
 1559              		.thumb
 1560              		.thumb_func
 1562              	_ZN10MotorDrive5BrakeEv:
 1563              		.fnstart
 1564              	.LVL144:
 1565              	.LFB259:
 118:src/unit/motor_drive.cpp **** 
 119:src/unit/motor_drive.cpp **** void MotorDrive::Brake() {
 1566              		.loc 1 119 26 is_stmt 1 view -0
 1567              		.cfi_startproc
 1568              		@ args = 0, pretend = 0, frame = 0
 1569              		@ frame_needed = 0, uses_anonymous_args = 0
 1570              		.loc 1 119 26 is_stmt 0 view .LVU328
 1571 0000 10B5     		push	{r4, lr}
 1572              	.LCFI13:
 1573              		.cfi_def_cfa_offset 8
 1574              		.cfi_offset 4, -8
 1575              		.cfi_offset 14, -4
 1576 0002 0446     		mov	r4, r0
 120:src/unit/motor_drive.cpp ****       motor1a_->write(1);
 1577              		.loc 1 120 7 is_stmt 1 view .LVU329
 1578              		.loc 1 120 22 is_stmt 0 view .LVU330
 1579 0004 B7EE000A 		vmov.f32	s0, #1.0e+0
 1580 0008 806C     		ldr	r0, [r0, #72]
 1581              	.LVL145:
 1582              		.loc 1 120 22 view .LVU331
 1583 000a FFF7FEFF 		bl	_ZN12PwmSingleOut5writeEf
 1584              	.LVL146:
 121:src/unit/motor_drive.cpp ****       motor1b_->write(1);
 1585              		.loc 1 121 7 is_stmt 1 view .LVU332
 1586              		.loc 1 121 22 is_stmt 0 view .LVU333
 1587 000e B7EE000A 		vmov.f32	s0, #1.0e+0
 1588 0012 E06C     		ldr	r0, [r4, #76]
 1589 0014 FFF7FEFF 		bl	_ZN12PwmSingleOut5writeEf
 1590              	.LVL147:
 122:src/unit/motor_drive.cpp ****       motor2a_->write(1);
 1591              		.loc 1 122 7 is_stmt 1 view .LVU334
 1592              		.loc 1 122 22 is_stmt 0 view .LVU335
 1593 0018 B7EE000A 		vmov.f32	s0, #1.0e+0
 1594 001c 206D     		ldr	r0, [r4, #80]
 1595 001e FFF7FEFF 		bl	_ZN12PwmSingleOut5writeEf
 1596              	.LVL148:
 123:src/unit/motor_drive.cpp ****       motor2b_->write(1);
 1597              		.loc 1 123 7 is_stmt 1 view .LVU336
 1598              		.loc 1 123 22 is_stmt 0 view .LVU337
 1599 0022 B7EE000A 		vmov.f32	s0, #1.0e+0
 1600 0026 606D     		ldr	r0, [r4, #84]
 1601 0028 FFF7FEFF 		bl	_ZN12PwmSingleOut5writeEf
 1602              	.LVL149:
 124:src/unit/motor_drive.cpp **** }...
 1603              		.loc 1 124 1 view .LVU338
 1604 002c 10BD     		pop	{r4, pc}
 1605              		.loc 1 124 1 view .LVU339
 1606              		.cfi_endproc
 1607              	.LFE259:
 1608              		.cantunwind
ARM GAS  /var/folders/5c/srt4fy4j1pd641bjfx75k5000000gn/T//ccmpBLmL.s 			page 35


 1609              		.fnend
 1611              		.text
 1612              	.Letext0:
 1613              		.file 4 "/opt/ST/STM32CubeCLT_1.16.0/GNU-tools-for-STM32/arm-none-eabi/include/machine/_default_ty
 1614              		.file 5 "/opt/ST/STM32CubeCLT_1.16.0/GNU-tools-for-STM32/arm-none-eabi/include/sys/_stdint.h"
 1615              		.file 6 "Drivers/CMSIS/Device/ST/STM32F4xx/Include/stm32f446xx.h"
 1616              		.file 7 "/opt/ST/STM32CubeCLT_1.16.0/GNU-tools-for-STM32/lib/gcc/arm-none-eabi/12.3.1/include/stdd
 1617              		.file 8 "Drivers/STM32F4xx_HAL_Driver/Inc/stm32f4xx_hal_def.h"
 1618              		.file 9 "Drivers/STM32F4xx_HAL_Driver/Inc/stm32f4xx_hal_dma.h"
 1619              		.file 10 "Drivers/STM32F4xx_HAL_Driver/Inc/stm32f4xx_hal_tim.h"
 1620              		.file 11 "/opt/ST/STM32CubeCLT_1.16.0/GNU-tools-for-STM32/arm-none-eabi/include/c++/12.3.1/cstdio"
 1621              		.file 12 "/opt/ST/STM32CubeCLT_1.16.0/GNU-tools-for-STM32/arm-none-eabi/include/c++/12.3.1/arm-non
 1622              		.file 13 "/opt/ST/STM32CubeCLT_1.16.0/GNU-tools-for-STM32/arm-none-eabi/include/sys/_types.h"
 1623              		.file 14 "/opt/ST/STM32CubeCLT_1.16.0/GNU-tools-for-STM32/arm-none-eabi/include/sys/reent.h"
 1624              		.file 15 "/opt/ST/STM32CubeCLT_1.16.0/GNU-tools-for-STM32/arm-none-eabi/include/sys/lock.h"
 1625              		.file 16 "/opt/ST/STM32CubeCLT_1.16.0/GNU-tools-for-STM32/arm-none-eabi/include/stdio.h"
 1626              		.file 17 "Lib/Timer/Timer.hpp"
 1627              		.file 18 "src/unit/motor_drive.hpp"
ARM GAS  /var/folders/5c/srt4fy4j1pd641bjfx75k5000000gn/T//ccmpBLmL.s 			page 36


DEFINED SYMBOLS
                            *ABS*:00000000 motor_drive.cpp
/var/folders/5c/srt4fy4j1pd641bjfx75k5000000gn/T//ccmpBLmL.s:21     .text._ZN12PwmSingleOut4initEv:00000000 $t
/var/folders/5c/srt4fy4j1pd641bjfx75k5000000gn/T//ccmpBLmL.s:27     .text._ZN12PwmSingleOut4initEv:00000000 _ZN12PwmSingleOut4initEv
.ARM.exidx.text._ZN12PwmSingleOut4initEv:00000000 $d
/var/folders/5c/srt4fy4j1pd641bjfx75k5000000gn/T//ccmpBLmL.s:71     .text._ZN12PwmSingleOut5writeEf:00000000 $t
/var/folders/5c/srt4fy4j1pd641bjfx75k5000000gn/T//ccmpBLmL.s:77     .text._ZN12PwmSingleOut5writeEf:00000000 _ZN12PwmSingleOut5writeEf
/var/folders/5c/srt4fy4j1pd641bjfx75k5000000gn/T//ccmpBLmL.s:194    .text._ZN12PwmSingleOut5writeEf:00000094 $d
.ARM.exidx.text._ZN12PwmSingleOut5writeEf:00000000 $d
/var/folders/5c/srt4fy4j1pd641bjfx75k5000000gn/T//ccmpBLmL.s:201    .text._ZN10MotorDriveC2EP12PwmSingleOutS1_S1_S1_PtS2_:00000000 $t
/var/folders/5c/srt4fy4j1pd641bjfx75k5000000gn/T//ccmpBLmL.s:207    .text._ZN10MotorDriveC2EP12PwmSingleOutS1_S1_S1_PtS2_:00000000 _ZN10MotorDriveC2EP12PwmSingleOutS1_S1_S1_PtS2_
/var/folders/5c/srt4fy4j1pd641bjfx75k5000000gn/T//ccmpBLmL.s:301    .text._ZN10MotorDriveC2EP12PwmSingleOutS1_S1_S1_PtS2_:00000054 $d
.ARM.exidx.text._ZN10MotorDriveC2EP12PwmSingleOutS1_S1_S1_PtS2_:00000000 $d
/var/folders/5c/srt4fy4j1pd641bjfx75k5000000gn/T//ccmpBLmL.s:207    .text._ZN10MotorDriveC2EP12PwmSingleOutS1_S1_S1_PtS2_:00000000 _ZN10MotorDriveC1EP12PwmSingleOutS1_S1_S1_PtS2_
/var/folders/5c/srt4fy4j1pd641bjfx75k5000000gn/T//ccmpBLmL.s:309    .text._ZN10MotorDrive4InitEv:00000000 $t
/var/folders/5c/srt4fy4j1pd641bjfx75k5000000gn/T//ccmpBLmL.s:315    .text._ZN10MotorDrive4InitEv:00000000 _ZN10MotorDrive4InitEv
.ARM.exidx.text._ZN10MotorDrive4InitEv:00000000 $d
/var/folders/5c/srt4fy4j1pd641bjfx75k5000000gn/T//ccmpBLmL.s:364    .text._ZN10MotorDrive3RunEdd:00000000 $t
/var/folders/5c/srt4fy4j1pd641bjfx75k5000000gn/T//ccmpBLmL.s:370    .text._ZN10MotorDrive3RunEdd:00000000 _ZN10MotorDrive3RunEdd
/var/folders/5c/srt4fy4j1pd641bjfx75k5000000gn/T//ccmpBLmL.s:641    .text._ZN10MotorDrive3RunEdd:000001b0 $d
.ARM.exidx.text._ZN10MotorDrive3RunEdd:00000000 $d
/var/folders/5c/srt4fy4j1pd641bjfx75k5000000gn/T//ccmpBLmL.s:657    .text._ZN10MotorDrive12SpeedControlEv:00000000 $t
/var/folders/5c/srt4fy4j1pd641bjfx75k5000000gn/T//ccmpBLmL.s:663    .text._ZN10MotorDrive12SpeedControlEv:00000000 _ZN10MotorDrive12SpeedControlEv
/var/folders/5c/srt4fy4j1pd641bjfx75k5000000gn/T//ccmpBLmL.s:1119   .text._ZN10MotorDrive12SpeedControlEv:00000340 $d
/var/folders/5c/srt4fy4j1pd641bjfx75k5000000gn/T//ccmpBLmL.s:1131   .text._ZN10MotorDrive12SpeedControlEv:00000360 $t
/var/folders/5c/srt4fy4j1pd641bjfx75k5000000gn/T//ccmpBLmL.s:1341   .text._ZN10MotorDrive12SpeedControlEv:000004c4 $d
.ARM.extab.text._ZN10MotorDrive12SpeedControlEv:00000000 $d
.ARM.exidx.text._ZN10MotorDrive12SpeedControlEv:00000000 $d
/var/folders/5c/srt4fy4j1pd641bjfx75k5000000gn/T//ccmpBLmL.s:1348   .text._ZN10MotorDrive14EncoderComputeEv:00000000 $t
/var/folders/5c/srt4fy4j1pd641bjfx75k5000000gn/T//ccmpBLmL.s:1354   .text._ZN10MotorDrive14EncoderComputeEv:00000000 _ZN10MotorDrive14EncoderComputeEv
/var/folders/5c/srt4fy4j1pd641bjfx75k5000000gn/T//ccmpBLmL.s:1486   .text._ZN10MotorDrive14EncoderComputeEv:000000a0 $d
.ARM.exidx.text._ZN10MotorDrive14EncoderComputeEv:00000000 $d
/var/folders/5c/srt4fy4j1pd641bjfx75k5000000gn/T//ccmpBLmL.s:1493   .text._ZN10MotorDrive5DriveEss:00000000 $t
/var/folders/5c/srt4fy4j1pd641bjfx75k5000000gn/T//ccmpBLmL.s:1499   .text._ZN10MotorDrive5DriveEss:00000000 _ZN10MotorDrive5DriveEss
.ARM.exidx.text._ZN10MotorDrive5DriveEss:00000000 $d
/var/folders/5c/srt4fy4j1pd641bjfx75k5000000gn/T//ccmpBLmL.s:1556   .text._ZN10MotorDrive5BrakeEv:00000000 $t
/var/folders/5c/srt4fy4j1pd641bjfx75k5000000gn/T//ccmpBLmL.s:1562   .text._ZN10MotorDrive5BrakeEv:00000000 _ZN10MotorDrive5BrakeEv
.ARM.exidx.text._ZN10MotorDrive5BrakeEv:00000000 $d

UNDEFINED SYMBOLS
HAL_TIM_PWM_Start
__aeabi_unwind_cpp_pr0
__aeabi_f2d
__aeabi_ui2d
__aeabi_dmul
__aeabi_d2iz
_ZN5TimerC1Ev
_ZN9MovingAve9SetLengthEh
__aeabi_dcmpgt
__aeabi_ddiv
__aeabi_d2f
__aeabi_dcmpeq
__aeabi_dsub
__aeabi_i2d
__aeabi_dadd
__aeabi_dcmplt
_ZN5Timer7read_usEv
ARM GAS  /var/folders/5c/srt4fy4j1pd641bjfx75k5000000gn/T//ccmpBLmL.s 			page 37


_ZN5Timer5resetEv
_ZN9MovingAve7ComputeEPd
__aeabi_unwind_cpp_pr1
